<?xml version="1.0" encoding="utf-8"?><testsuites name="pytest tests"><testsuite name="pytest" errors="0" failures="0" skipped="0" tests="21" time="1.065" timestamp="2026-01-04T08:17:04.613297+00:00" hostname="agent-env-65c0de1d-489d-43b8-b02c-64a2e74796dd"><testcase classname="tests.test_ncert_apis.TestNCERTSummary" name="test_ncert_summary_returns_statistics" time="0.085" /><testcase classname="tests.test_ncert_apis.TestNCERTClasses" name="test_ncert_classes_returns_all_12_classes" time="0.037" /><testcase classname="tests.test_ncert_apis.TestNCERTSubjects" name="test_ncert_subjects_class_10" time="0.036" /><testcase classname="tests.test_ncert_apis.TestNCERTSubjects" name="test_ncert_subjects_class_6" time="0.032" /><testcase classname="tests.test_ncert_apis.TestNCERTSubjects" name="test_ncert_subjects_class_12" time="0.031" /><testcase classname="tests.test_ncert_apis.TestNCERTSubjects" name="test_ncert_subjects_invalid_class" time="0.035" /><testcase classname="tests.test_ncert_apis.TestNCERTSyllabus" name="test_ncert_syllabus_class_10_science" time="0.032" /><testcase classname="tests.test_ncert_apis.TestNCERTSyllabus" name="test_ncert_syllabus_class_10_math" time="0.037" /><testcase classname="tests.test_ncert_apis.TestNCERTSyllabus" name="test_ncert_syllabus_all_subjects" time="0.035" /><testcase classname="tests.test_ncert_apis.TestNCERTSearch" name="test_ncert_search_pythagoras" time="0.035" /><testcase classname="tests.test_ncert_apis.TestNCERTSearch" name="test_ncert_search_photosynthesis" time="0.036" /><testcase classname="tests.test_ncert_apis.TestNCERTSearch" name="test_ncert_search_with_class_filter" time="0.076" /><testcase classname="tests.test_ncert_apis.TestNCERTSearch" name="test_ncert_search_short_query_rejected" time="0.035" /><testcase classname="tests.test_ncert_apis.TestNCERTChapter" name="test_ncert_chapter_class_10_math_chapter_4" time="0.034" /><testcase classname="tests.test_ncert_apis.TestNCERTChapter" name="test_ncert_chapter_class_10_science_chapter_1" time="0.035" /><testcase classname="tests.test_ncert_apis.TestNCERTChapter" name="test_ncert_chapter_not_found" time="0.034" /><testcase classname="tests.test_ncert_apis.TestNCERTBooks" name="test_ncert_books_returns_all_books" time="0.031" /><testcase classname="tests.test_ncert_apis.TestNCERTProgressTemplate" name="test_ncert_progress_template" time="0.034" /><testcase classname="tests.test_ncert_apis.TestNCERTProgressTemplate" name="test_ncert_progress_template_not_found" time="0.034" /><testcase classname="tests.test_ncert_apis.TestNCERTDataIntegrity" name="test_class_10_has_complete_data" time="0.198" /><testcase classname="tests.test_ncert_apis.TestNCERTDataIntegrity" name="test_summary_matches_actual_data" time="0.070" /></testsuite></testsuites>