<?xml version="1.0" encoding="utf-8"?><testsuites name="pytest tests"><testsuite name="pytest" errors="0" failures="6" skipped="0" tests="12" time="1.616" timestamp="2026-01-23T04:53:44.717185+00:00" hostname="agent-env-26ed27ab-b047-4e85-8301-4282fd30dac8"><testcase classname="backend.tests.test_iter39_features.TestAuth" name="test_login_success" time="0.309" /><testcase classname="backend.tests.test_iter39_features.TestFeeStructureManagement" name="test_students_list_loads" time="0.302" /><testcase classname="backend.tests.test_iter39_features.TestFeeStructureManagement" name="test_fee_structure_api" time="0.038" /><testcase classname="backend.tests.test_iter39_features.TestFeeStructureManagement" name="test_old_dues_endpoint" time="0.041" /><testcase classname="backend.tests.test_iter39_features.TestFeeStructureManagement" name="test_scheme_assignment" time="0.040" /><testcase classname="backend.tests.test_iter39_features.TestClassManagement" name="test_classes_list" time="0.290"><failure message="AssertionError: Classes API failed: {&quot;detail&quot;:&quot;Not authenticated&quot;}&#10;assert 403 == 200&#10; +  where 403 = &lt;Response [403]&gt;.status_code">backend/tests/test_iter39_features.py:116: in test_classes_list
    assert response.status_code == 200, f"Classes API failed: {response.text}"
E   AssertionError: Classes API failed: {"detail":"Not authenticated"}
E   assert 403 == 200
E    +  where 403 = &lt;Response [403]&gt;.status_code</failure></testcase><testcase classname="backend.tests.test_iter39_features.TestClassManagement" name="test_create_class_without_section" time="0.031"><failure message="AssertionError: Create class failed: {&quot;detail&quot;:&quot;Not authenticated&quot;}&#10;assert 403 in [200, 201, 400]&#10; +  where 403 = &lt;Response [403]&gt;.status_code">backend/tests/test_iter39_features.py:137: in test_create_class_without_section
    assert response.status_code in [200, 201, 400], f"Create class failed: {response.text}"
E   AssertionError: Create class failed: {"detail":"Not authenticated"}
E   assert 403 in [200, 201, 400]
E    +  where 403 = &lt;Response [403]&gt;.status_code</failure></testcase><testcase classname="backend.tests.test_iter39_features.TestClassManagement" name="test_staff_list_for_teacher_assignment" time="0.032"><failure message="AssertionError: Staff API failed: {&quot;detail&quot;:&quot;Not authenticated&quot;}&#10;assert 403 == 200&#10; +  where 403 = &lt;Response [403]&gt;.status_code">backend/tests/test_iter39_features.py:143: in test_staff_list_for_teacher_assignment
    assert response.status_code == 200, f"Staff API failed: {response.text}"
E   AssertionError: Staff API failed: {"detail":"Not authenticated"}
E   assert 403 == 200
E    +  where 403 = &lt;Response [403]&gt;.status_code</failure></testcase><testcase classname="backend.tests.test_iter39_features.TestAIPaperGeneration" name="test_ai_paper_generation_class_1" time="0.298"><failure message="AssertionError: AI paper generation failed: {&quot;detail&quot;:[{&quot;type&quot;:&quot;missing&quot;,&quot;loc&quot;:[&quot;body&quot;,&quot;chapter&quot;],&quot;msg&quot;:&quot;Field required&quot;,&quot;input&quot;:{&quot;school_id&quot;:&quot;SCH-TEST-2026&quot;,&quot;class_name&quot;:&quot;Class 1&quot;,&quot;subject&quot;:&quot;Hindi&quot;,&quot;board&quot;:&quot;CBSE&quot;,&quot;chapters&quot;:[&quot;वर्णमाला&quot;],&quot;question_types&quot;:[&quot;mcq&quot;,&quot;fill_blank&quot;,&quot;matching&quot;],&quot;total_marks&quot;:40,&quot;time_duration&quot;:60,&quot;language&quot;:&quot;Hindi&quot;},&quot;url&quot;:&quot;https://errors.pydantic.dev/2.12/v/missing&quot;},{&quot;type&quot;:&quot;missing&quot;,&quot;loc&quot;:[&quot;body&quot;,&quot;difficulty&quot;],&quot;msg&quot;:&quot;Field required&quot;,&quot;input&quot;:{&quot;school_id&quot;:&quot;SCH-TEST-2026&quot;,&quot;class_name&quot;:&quot;Class 1&quot;,&quot;subject&quot;:&quot;Hindi&quot;,&quot;board&quot;:&quot;CBSE&quot;,&quot;chapters&quot;:[&quot;वर्णमाला&quot;],&quot;question_types&quot;:[&quot;mcq&quot;,&quot;fill_blank&quot;,&quot;matching&quot;],&quot;total_marks&quot;:40,&quot;time_duration&quot;:60,&quot;language&quot;:&quot;Hindi&quot;},&quot;url&quot;:&quot;https://errors.pydantic.dev/2.12/v/missing&quot;}]}&#10;assert 422 == 200&#10; +  where 422 = &lt;Response [422]&gt;.status_code">backend/tests/test_iter39_features.py:181: in test_ai_paper_generation_class_1
    assert response.status_code == 200, f"AI paper generation failed: {response.text}"
E   AssertionError: AI paper generation failed: {"detail":[{"type":"missing","loc":["body","chapter"],"msg":"Field required","input":{"school_id":"SCH-TEST-2026","class_name":"Class 1","subject":"Hindi","board":"CBSE","chapters":["वर्णमाला"],"question_types":["mcq","fill_blank","matching"],"total_marks":40,"time_duration":60,"language":"Hindi"},"url":"https://errors.pydantic.dev/2.12/v/missing"},{"type":"missing","loc":["body","difficulty"],"msg":"Field required","input":{"school_id":"SCH-TEST-2026","class_name":"Class 1","subject":"Hindi","board":"CBSE","chapters":["वर्णमाला"],"question_types":["mcq","fill_blank","matching"],"total_marks":40,"time_duration":60,"language":"Hindi"},"url":"https://errors.pydantic.dev/2.12/v/missing"}]}
E   assert 422 == 200
E    +  where 422 = &lt;Response [422]&gt;.status_code</failure></testcase><testcase classname="backend.tests.test_iter39_features.TestAIPaperGeneration" name="test_ai_paper_generation_class_3" time="0.037"><failure message="AssertionError: AI paper generation failed: {&quot;detail&quot;:[{&quot;type&quot;:&quot;missing&quot;,&quot;loc&quot;:[&quot;body&quot;,&quot;chapter&quot;],&quot;msg&quot;:&quot;Field required&quot;,&quot;input&quot;:{&quot;school_id&quot;:&quot;SCH-TEST-2026&quot;,&quot;class_name&quot;:&quot;Class 3&quot;,&quot;subject&quot;:&quot;Mathematics&quot;,&quot;board&quot;:&quot;CBSE&quot;,&quot;chapters&quot;:[&quot;Addition&quot;],&quot;question_types&quot;:[&quot;mcq&quot;,&quot;fill_blank&quot;,&quot;very_short&quot;,&quot;short&quot;],&quot;total_marks&quot;:50,&quot;time_duration&quot;:90,&quot;language&quot;:&quot;Hindi&quot;},&quot;url&quot;:&quot;https://errors.pydantic.dev/2.12/v/missing&quot;},{&quot;type&quot;:&quot;missing&quot;,&quot;loc&quot;:[&quot;body&quot;,&quot;difficulty&quot;],&quot;msg&quot;:&quot;Field required&quot;,&quot;input&quot;:{&quot;school_id&quot;:&quot;SCH-TEST-2026&quot;,&quot;class_name&quot;:&quot;Class 3&quot;,&quot;subject&quot;:&quot;Mathematics&quot;,&quot;board&quot;:&quot;CBSE&quot;,&quot;chapters&quot;:[&quot;Addition&quot;],&quot;question_types&quot;:[&quot;mcq&quot;,&quot;fill_blank&quot;,&quot;very_short&quot;,&quot;short&quot;],&quot;total_marks&quot;:50,&quot;time_duration&quot;:90,&quot;language&quot;:&quot;Hindi&quot;},&quot;url&quot;:&quot;https://errors.pydantic.dev/2.12/v/missing&quot;}]}&#10;assert 422 == 200&#10; +  where 422 = &lt;Response [422]&gt;.status_code">backend/tests/test_iter39_features.py:205: in test_ai_paper_generation_class_3
    assert response.status_code == 200, f"AI paper generation failed: {response.text}"
E   AssertionError: AI paper generation failed: {"detail":[{"type":"missing","loc":["body","chapter"],"msg":"Field required","input":{"school_id":"SCH-TEST-2026","class_name":"Class 3","subject":"Mathematics","board":"CBSE","chapters":["Addition"],"question_types":["mcq","fill_blank","very_short","short"],"total_marks":50,"time_duration":90,"language":"Hindi"},"url":"https://errors.pydantic.dev/2.12/v/missing"},{"type":"missing","loc":["body","difficulty"],"msg":"Field required","input":{"school_id":"SCH-TEST-2026","class_name":"Class 3","subject":"Mathematics","board":"CBSE","chapters":["Addition"],"question_types":["mcq","fill_blank","very_short","short"],"total_marks":50,"time_duration":90,"language":"Hindi"},"url":"https://errors.pydantic.dev/2.12/v/missing"}]}
E   assert 422 == 200
E    +  where 422 = &lt;Response [422]&gt;.status_code</failure></testcase><testcase classname="backend.tests.test_iter39_features.TestAIPaperGeneration" name="test_ai_paper_generation_drawing" time="0.031"><failure message="AssertionError: AI paper generation failed: {&quot;detail&quot;:[{&quot;type&quot;:&quot;missing&quot;,&quot;loc&quot;:[&quot;body&quot;,&quot;chapter&quot;],&quot;msg&quot;:&quot;Field required&quot;,&quot;input&quot;:{&quot;school_id&quot;:&quot;SCH-TEST-2026&quot;,&quot;class_name&quot;:&quot;Class 2&quot;,&quot;subject&quot;:&quot;Drawing&quot;,&quot;board&quot;:&quot;CBSE&quot;,&quot;chapters&quot;:[&quot;Basic Shapes&quot;],&quot;question_types&quot;:[&quot;coloring&quot;,&quot;draw_object&quot;],&quot;total_marks&quot;:25,&quot;time_duration&quot;:45,&quot;language&quot;:&quot;Hindi&quot;},&quot;url&quot;:&quot;https://errors.pydantic.dev/2.12/v/missing&quot;},{&quot;type&quot;:&quot;missing&quot;,&quot;loc&quot;:[&quot;body&quot;,&quot;difficulty&quot;],&quot;msg&quot;:&quot;Field required&quot;,&quot;input&quot;:{&quot;school_id&quot;:&quot;SCH-TEST-2026&quot;,&quot;class_name&quot;:&quot;Class 2&quot;,&quot;subject&quot;:&quot;Drawing&quot;,&quot;board&quot;:&quot;CBSE&quot;,&quot;chapters&quot;:[&quot;Basic Shapes&quot;],&quot;question_types&quot;:[&quot;coloring&quot;,&quot;draw_object&quot;],&quot;total_marks&quot;:25,&quot;time_duration&quot;:45,&quot;language&quot;:&quot;Hindi&quot;},&quot;url&quot;:&quot;https://errors.pydantic.dev/2.12/v/missing&quot;}]}&#10;assert 422 in [200, 400]&#10; +  where 422 = &lt;Response [422]&gt;.status_code">backend/tests/test_iter39_features.py:230: in test_ai_paper_generation_drawing
    assert response.status_code in [200, 400], f"AI paper generation failed: {response.text}"
E   AssertionError: AI paper generation failed: {"detail":[{"type":"missing","loc":["body","chapter"],"msg":"Field required","input":{"school_id":"SCH-TEST-2026","class_name":"Class 2","subject":"Drawing","board":"CBSE","chapters":["Basic Shapes"],"question_types":["coloring","draw_object"],"total_marks":25,"time_duration":45,"language":"Hindi"},"url":"https://errors.pydantic.dev/2.12/v/missing"},{"type":"missing","loc":["body","difficulty"],"msg":"Field required","input":{"school_id":"SCH-TEST-2026","class_name":"Class 2","subject":"Drawing","board":"CBSE","chapters":["Basic Shapes"],"question_types":["coloring","draw_object"],"total_marks":25,"time_duration":45,"language":"Hindi"},"url":"https://errors.pydantic.dev/2.12/v/missing"}]}
E   assert 422 in [200, 400]
E    +  where 422 = &lt;Response [422]&gt;.status_code</failure></testcase><testcase classname="backend.tests.test_iter39_features.TestHealthCheck" name="test_health_endpoint" time="0.073" /></testsuite></testsuites>