<?xml version="1.0" encoding="utf-8"?><testsuites name="pytest tests"><testsuite name="pytest" errors="0" failures="0" skipped="0" tests="20" time="11.952" timestamp="2026-01-03T04:13:41.136226+00:00" hostname="agent-env-e0467596-f9ac-4802-a551-facae2f225dd"><testcase classname="tests.test_schooltino_backend.TestHealthAndSetup" name="test_health_endpoint" time="0.072" /><testcase classname="tests.test_schooltino_backend.TestHealthAndSetup" name="test_setup_check" time="0.039" /><testcase classname="tests.test_schooltino_backend.TestSecurityChecks" name="test_public_registration_disabled" time="0.034" /><testcase classname="tests.test_schooltino_backend.TestSecurityChecks" name="test_setup_director_blocked_after_first" time="0.041" /><testcase classname="tests.test_schooltino_backend.TestDirectorAuth" name="test_director_login_success" time="0.301" /><testcase classname="tests.test_schooltino_backend.TestDirectorAuth" name="test_director_login_invalid_password" time="0.255" /><testcase classname="tests.test_schooltino_backend.TestDirectorAuth" name="test_director_login_invalid_email" time="0.041" /><testcase classname="tests.test_schooltino_backend.TestUserManagement" name="test_create_user_as_director" time="0.559" /><testcase classname="tests.test_schooltino_backend.TestUserManagement" name="test_suspend_user" time="0.672" /><testcase classname="tests.test_schooltino_backend.TestUserManagement" name="test_unsuspend_user" time="0.670" /><testcase classname="tests.test_schooltino_backend.TestStudentAdmission" name="test_student_admission_with_auto_id" time="0.598" /><testcase classname="tests.test_schooltino_backend.TestStudentAdmission" name="test_student_login_with_id_password" time="0.841" /><testcase classname="tests.test_schooltino_backend.TestStudentAdmission" name="test_student_login_with_mobile_dob" time="0.662" /><testcase classname="tests.test_schooltino_backend.TestAIContentStudio" name="test_generate_admission_pamphlet" time="4.450" /><testcase classname="tests.test_schooltino_backend.TestTeacherDashboard" name="test_teacher_dashboard_endpoint" time="0.905" /><testcase classname="tests.test_schooltino_backend.TestDashboardNavigation" name="test_dashboard_stats" time="0.369" /><testcase classname="tests.test_schooltino_backend.TestDashboardNavigation" name="test_get_schools" time="0.332" /><testcase classname="tests.test_schooltino_backend.TestDashboardNavigation" name="test_get_classes" time="0.365" /><testcase classname="tests.test_schooltino_backend.TestDashboardNavigation" name="test_get_students" time="0.327" /><testcase classname="tests.test_schooltino_backend.TestDashboardNavigation" name="test_get_notices" time="0.363" /></testsuite></testsuites>