<?xml version="1.0" encoding="utf-8"?><testsuites name="pytest tests"><testsuite name="pytest" errors="0" failures="0" skipped="0" tests="12" time="0.876" timestamp="2026-01-04T14:51:00.139214+00:00" hostname="agent-env-e0fec388-1260-4477-af53-4e21109db925"><testcase classname="tests.test_ai_history_iter15.TestAIHistorySave" name="test_save_voice_conversation" time="0.118" /><testcase classname="tests.test_ai_history_iter15.TestAIHistorySave" name="test_save_command_conversation_with_undo_data" time="0.042" /><testcase classname="tests.test_ai_history_iter15.TestAIHistorySave" name="test_save_paper_conversation" time="0.041" /><testcase classname="tests.test_ai_history_iter15.TestAIHistorySave" name="test_save_content_conversation" time="0.045" /><testcase classname="tests.test_ai_history_iter15.TestAIHistoryList" name="test_list_all_conversations" time="0.045" /><testcase classname="tests.test_ai_history_iter15.TestAIHistoryList" name="test_list_with_action_type_filter" time="0.048" /><testcase classname="tests.test_ai_history_iter15.TestAIHistoryList" name="test_list_with_limit" time="0.038" /><testcase classname="tests.test_ai_history_iter15.TestAIHistoryStats" name="test_get_stats" time="0.082" /><testcase classname="tests.test_ai_history_iter15.TestAIHistoryUndoRestore" name="test_undo_and_restore_flow" time="0.120" /><testcase classname="tests.test_ai_history_iter15.TestAIHistoryUndoRestore" name="test_undo_non_existent_conversation" time="0.043" /><testcase classname="tests.test_ai_history_iter15.TestAIHistoryUndoRestore" name="test_undo_voice_conversation_not_allowed" time="0.088" /><testcase classname="tests.test_ai_history_iter15.TestAIHistoryClear" name="test_clear_old_history" time="0.044" /></testsuite></testsuites>