<?xml version="1.0" encoding="utf-8"?><testsuites name="pytest tests"><testsuite name="pytest" errors="0" failures="0" skipped="0" tests="8" time="0.551" timestamp="2026-01-05T04:50:08.280587+00:00" hostname="agent-env-9a3f7614-8008-471a-a7f5-b6e1c55c8632"><testcase classname="tests.test_id_card_iter19.TestStudentIDCard" name="test_generate_student_id_card_success" time="0.055" /><testcase classname="tests.test_id_card_iter19.TestStudentIDCard" name="test_generate_student_id_card_not_found" time="0.044" /><testcase classname="tests.test_id_card_iter19.TestStudentIDCard" name="test_student_id_card_text_format" time="0.035" /><testcase classname="tests.test_id_card_iter19.TestStaffIDCard" name="test_generate_staff_id_card_invalid_type" time="0.072" /><testcase classname="tests.test_id_card_iter19.TestStaffIDCard" name="test_get_staff_photos_empty" time="0.037" /><testcase classname="tests.test_id_card_iter19.TestStaffIDCard" name="test_generate_teacher_id_card_not_found" time="0.037" /><testcase classname="tests.test_id_card_iter19.TestIDCardValidation" name="test_valid_person_types" time="0.178" /><testcase classname="tests.test_id_card_iter19.TestIDCardValidation" name="test_id_card_has_qr_data" time="0.032" /></testsuite></testsuites>