<?xml version="1.0" encoding="utf-8"?><testsuites name="pytest tests"><testsuite name="pytest" errors="0" failures="6" skipped="0" tests="33" time="9.356" timestamp="2026-01-05T05:29:50.084490+00:00" hostname="agent-env-deebbf10-29c2-4772-bc2a-e97408513d9d"><testcase classname="tests.test_new_features_iter20.TestPasswordReset" name="test_forgot_password_with_email" time="0.327" /><testcase classname="tests.test_new_features_iter20.TestPasswordReset" name="test_forgot_password_with_student_id" time="0.273" /><testcase classname="tests.test_new_features_iter20.TestPasswordReset" name="test_forgot_password_nonexistent_user" time="0.050" /><testcase classname="tests.test_new_features_iter20.TestPasswordReset" name="test_verify_otp_invalid" time="0.277" /><testcase classname="tests.test_new_features_iter20.TestPasswordReset" name="test_verify_otp_missing_identifier" time="0.040" /><testcase classname="tests.test_new_features_iter20.TestPasswordReset" name="test_reset_password_invalid_token" time="0.078" /><testcase classname="tests.test_new_features_iter20.TestPasswordReset" name="test_reset_password_mismatch" time="0.048" /><testcase classname="tests.test_new_features_iter20.TestPasswordReset" name="test_check_token_validity" time="0.049" /><testcase classname="tests.test_new_features_iter20.TestSchoolAutoSetup" name="test_extract_from_website_valid_url" time="4.388" /><testcase classname="tests.test_new_features_iter20.TestSchoolAutoSetup" name="test_extract_from_website_invalid_url" time="0.127" /><testcase classname="tests.test_new_features_iter20.TestSchoolAutoSetup" name="test_generate_api_key_no_school" time="0.036" /><testcase classname="tests.test_new_features_iter20.TestSchoolAutoSetup" name="test_list_api_keys" time="0.035" /><testcase classname="tests.test_new_features_iter20.TestSchoolAutoSetup" name="test_wizard_status" time="0.035" /><testcase classname="tests.test_new_features_iter20.TestDirectorGreeting" name="test_get_greeting_settings" time="0.313" /><testcase classname="tests.test_new_features_iter20.TestDirectorGreeting" name="test_get_greeting" time="0.305" /><testcase classname="tests.test_new_features_iter20.TestDirectorGreeting" name="test_update_greeting_settings" time="0.308" /><testcase classname="tests.test_new_features_iter20.TestDirectorGreeting" name="test_entry_history" time="0.300" /><testcase classname="tests.test_new_features_iter20.TestFaceRecognitionStaff" name="test_staff_enrollment_status" time="0.293" /><testcase classname="tests.test_new_features_iter20.TestFaceRecognitionStaff" name="test_staff_photo_upload_invalid_base64" time="0.041"><failure message="assert 404 in [200, 400, 422]&#10; +  where 404 = &lt;Response [404]&gt;.status_code">tests/test_new_features_iter20.py:327: in test_staff_photo_upload_invalid_base64
    assert response.status_code in [200, 400, 422]
E   assert 404 in [200, 400, 422]
E    +  where 404 = &lt;Response [404]&gt;.status_code</failure></testcase><testcase classname="tests.test_new_features_iter20.TestFaceRecognitionStaff" name="test_staff_photos_list" time="0.038" /><testcase classname="tests.test_new_features_iter20.TestAccountantFeatures" name="test_multi_year_fees_defaulters" time="0.034" /><testcase classname="tests.test_new_features_iter20.TestAccountantFeatures" name="test_add_fee_due_missing_student" time="0.036" /><testcase classname="tests.test_new_features_iter20.TestAccountantFeatures" name="test_salary_structure_set_missing_staff" time="0.039" /><testcase classname="tests.test_new_features_iter20.TestAccountantFeatures" name="test_accountant_dashboard" time="0.041" /><testcase classname="tests.test_new_features_iter20.TestAccountantFeatures" name="test_ai_quick_insight" time="0.973" /><testcase classname="tests.test_new_features_iter20.TestAccountantFeatures" name="test_salaries_list" time="0.033" /><testcase classname="tests.test_new_features_iter20.TestAccountantFeatures" name="test_fee_defaulters" time="0.036" /><testcase classname="tests.test_new_features_iter20.TestStudentSearch" name="test_student_search" time="0.032"><failure message="assert 403 == 200&#10; +  where 403 = &lt;Response [403]&gt;.status_code">tests/test_new_features_iter20.py:421: in test_student_search
    assert response.status_code == 200
E   assert 403 == 200
E    +  where 403 = &lt;Response [403]&gt;.status_code</failure></testcase><testcase classname="tests.test_new_features_iter20.TestStudentSearch" name="test_staff_search" time="0.035"><failure message="assert 520 == 200&#10; +  where 520 = &lt;Response [520]&gt;.status_code">tests/test_new_features_iter20.py:432: in test_staff_search
    assert response.status_code == 200
E   assert 520 == 200
E    +  where 520 = &lt;Response [520]&gt;.status_code</failure></testcase><testcase classname="tests.test_new_features_iter20.TestHealthAndAuth" name="test_health_check" time="0.032" /><testcase classname="tests.test_new_features_iter20.TestHealthAndAuth" name="test_director_login" time="0.262"><failure message="AssertionError: assert 'token' in {'access_token': 'eyJhbGciOiJIUzI1NiIsInR5cCI6IkpXVCJ9.eyJzdWIiOiJiZjkwODQ3Mi1lMDE1LTRhNzAtODNkMC04Nzk1ZjE3ZDdhMDUiLCJlbWFpbCI6ImRpcmVjdG9yQHNjaG9vbHRpbm8uY29tIiwicm9sZSI6ImRpcmVjdG9yIiwiZXhwIjoxNzY3Njc3Mzk5fQ.xeJaO7st9-6Hn_hahfBflFCCf1c88sC6T2ifzT1PShw', 'token_type': 'bearer', 'user': {'created_at': '2026-01-02T10:19:59.351581+00:00', 'email': 'director@schooltino.com', 'id': 'bf908472-e015-4a70-83d0-8795f17d7a05', 'mobile': None, ...}}">tests/test_new_features_iter20.py:457: in test_director_login
    assert "token" in data
E   AssertionError: assert 'token' in {'access_token': 'eyJhbGciOiJIUzI1NiIsInR5cCI6IkpXVCJ9.eyJzdWIiOiJiZjkwODQ3Mi1lMDE1LTRhNzAtODNkMC04Nzk1ZjE3ZDdhMDUiLCJlbWFpbCI6ImRpcmVjdG9yQHNjaG9vbHRpbm8uY29tIiwicm9sZSI6ImRpcmVjdG9yIiwiZXhwIjoxNzY3Njc3Mzk5fQ.xeJaO7st9-6Hn_hahfBflFCCf1c88sC6T2ifzT1PShw', 'token_type': 'bearer', 'user': {'created_at': '2026-01-02T10:19:59.351581+00:00', 'email': 'director@schooltino.com', 'id': 'bf908472-e015-4a70-83d0-8795f17d7a05', 'mobile': None, ...}}</failure></testcase><testcase classname="tests.test_new_features_iter20.TestHealthAndAuth" name="test_teacher_login" time="0.257"><failure message="AssertionError: assert 'token' in {'access_token': 'eyJhbGciOiJIUzI1NiIsInR5cCI6IkpXVCJ9.eyJzdWIiOiIzNzk5NjY2Ny0zMDNhLTQ5NWItODAxYi01MmEyMzZmM2U0ZDAiLCJlbWFpbCI6InRlYWNoZXJAc2Nob29sdGluby5jb20iLCJyb2xlIjoidGVhY2hlciIsImV4cCI6MTc2NzY3NzM5OX0.q4jhfXaP1eVWY_j9mmaT-dhjAomLe2EbPR8FlTFp8iM', 'token_type': 'bearer', 'user': {'created_at': '2026-01-03T12:05:42.435908+00:00', 'email': 'teacher@schooltino.com', 'id': '37996667-303a-495b-801b-52a236f3e4d0', 'mobile': '9876543210', ...}}">tests/test_new_features_iter20.py:469: in test_teacher_login
    assert "token" in data
E   AssertionError: assert 'token' in {'access_token': 'eyJhbGciOiJIUzI1NiIsInR5cCI6IkpXVCJ9.eyJzdWIiOiIzNzk5NjY2Ny0zMDNhLTQ5NWItODAxYi01MmEyMzZmM2U0ZDAiLCJlbWFpbCI6InRlYWNoZXJAc2Nob29sdGluby5jb20iLCJyb2xlIjoidGVhY2hlciIsImV4cCI6MTc2NzY3NzM5OX0.q4jhfXaP1eVWY_j9mmaT-dhjAomLe2EbPR8FlTFp8iM', 'token_type': 'bearer', 'user': {'created_at': '2026-01-03T12:05:42.435908+00:00', 'email': 'teacher@schooltino.com', 'id': '37996667-303a-495b-801b-52a236f3e4d0', 'mobile': '9876543210', ...}}</failure></testcase><testcase classname="tests.test_new_features_iter20.TestHealthAndAuth" name="test_student_login" time="0.036"><failure message="assert 404 == 200&#10; +  where 404 = &lt;Response [404]&gt;.status_code">tests/test_new_features_iter20.py:478: in test_student_login
    assert response.status_code == 200
E   assert 404 == 200
E    +  where 404 = &lt;Response [404]&gt;.status_code</failure></testcase></testsuite></testsuites>