<?xml version="1.0" encoding="utf-8"?><testsuites name="pytest tests"><testsuite name="pytest" errors="0" failures="1" skipped="0" tests="6" time="17.153" timestamp="2026-01-06T10:51:22.335252+00:00" hostname="agent-env-8c586bf7-395e-4729-8a46-087c706ea6c4"><testcase classname="tests.test_tino_brain_actions_iter25.TestTinoBrainActions" name="test_tino_brain_status" time="0.371" /><testcase classname="tests.test_tino_brain_actions_iter25.TestTinoBrainActions" name="test_absent_list_action" time="2.445" /><testcase classname="tests.test_tino_brain_actions_iter25.TestTinoBrainActions" name="test_school_status_action" time="5.924" /><testcase classname="tests.test_tino_brain_actions_iter25.TestTinoBrainActions" name="test_notice_creation_action" time="4.294" /><testcase classname="tests.test_tino_brain_actions_iter25.TestTinoBrainActions" name="test_fee_reminder_action" time="3.735" /><testcase classname="tests.test_tino_brain_actions_iter25.TestProfileNavigation" name="test_user_profile_endpoint" time="0.313"><failure message="AssertionError: Profile fetch failed: {&quot;detail&quot;:&quot;Not Found&quot;}&#10;assert 404 == 200&#10; +  where 404 = &lt;Response [404]&gt;.status_code">tests/test_tino_brain_actions_iter25.py:181: in test_user_profile_endpoint
    assert response.status_code == 200, f"Profile fetch failed: {response.text}"
E   AssertionError: Profile fetch failed: {"detail":"Not Found"}
E   assert 404 == 200
E    +  where 404 = &lt;Response [404]&gt;.status_code</failure></testcase></testsuite></testsuites>