<?xml version="1.0" encoding="utf-8"?><testsuites name="pytest tests"><testsuite name="pytest" errors="0" failures="3" skipped="0" tests="14" time="3.895" timestamp="2026-01-05T06:57:48.979438+00:00" hostname="agent-env-3ed2e893-f821-488b-b674-e8209b85a43a"><testcase classname="tests.test_unified_portal_iter21.TestMarketingMaterials" name="test_marketing_materials_download_url" time="0.073" /><testcase classname="tests.test_unified_portal_iter21.TestMarketingMaterials" name="test_marketing_materials_content_type" time="0.035"><failure message="AssertionError: Unexpected content type: application/x-tar&#10;assert ('gzip' in 'application/x-tar' or 'octet-stream' in 'application/x-tar')&#10; +  where 'application/x-tar' = &lt;built-in method lower of str object at 0xfd63ca13fa00&gt;()&#10; +    where &lt;built-in method lower of str object at 0xfd63ca13fa00&gt; = 'application/x-tar'.lower&#10; +  and   'application/x-tar' = &lt;built-in method lower of str object at 0xfd63ca13fa00&gt;()&#10; +    where &lt;built-in method lower of str object at 0xfd63ca13fa00&gt; = 'application/x-tar'.lower">tests/test_unified_portal_iter21.py:42: in test_marketing_materials_content_type
    assert 'gzip' in content_type.lower() or 'octet-stream' in content_type.lower(), f"Unexpected content type: {content_type}"
E   AssertionError: Unexpected content type: application/x-tar
E   assert ('gzip' in 'application/x-tar' or 'octet-stream' in 'application/x-tar')
E    +  where 'application/x-tar' = &lt;built-in method lower of str object at 0xfd63ca13fa00&gt;()
E    +    where &lt;built-in method lower of str object at 0xfd63ca13fa00&gt; = 'application/x-tar'.lower
E    +  and   'application/x-tar' = &lt;built-in method lower of str object at 0xfd63ca13fa00&gt;()
E    +    where &lt;built-in method lower of str object at 0xfd63ca13fa00&gt; = 'application/x-tar'.lower</failure></testcase><testcase classname="tests.test_unified_portal_iter21.TestAuthenticationAndRedirects" name="test_director_login" time="0.269" /><testcase classname="tests.test_unified_portal_iter21.TestAuthenticationAndRedirects" name="test_teacher_login" time="0.324" /><testcase classname="tests.test_unified_portal_iter21.TestAuthenticationAndRedirects" name="test_accountant_login" time="0.315"><failure message="AssertionError: Accountant login failed: 401&#10;assert 401 == 200&#10; +  where 401 = &lt;Response [401]&gt;.status_code">tests/test_unified_portal_iter21.py:72: in test_accountant_login
    assert response.status_code == 200, f"Accountant login failed: {response.status_code}"
E   AssertionError: Accountant login failed: 401
E   assert 401 == 200
E    +  where 401 = &lt;Response [401]&gt;.status_code</failure></testcase><testcase classname="tests.test_unified_portal_iter21.TestTeacherPermissions" name="test_teacher_permissions_endpoint" time="0.321" /><testcase classname="tests.test_unified_portal_iter21.TestTeacherPermissions" name="test_teacher_default_permissions_values" time="0.339" /><testcase classname="tests.test_unified_portal_iter21.TestDirectorPermissions" name="test_director_has_all_permissions" time="0.347" /><testcase classname="tests.test_unified_portal_iter21.TestUserMeEndpoint" name="test_director_me_endpoint" time="0.315" /><testcase classname="tests.test_unified_portal_iter21.TestUserMeEndpoint" name="test_teacher_me_endpoint" time="0.320" /><testcase classname="tests.test_unified_portal_iter21.TestUnifiedPortalAPIs" name="test_classes_endpoint" time="0.311"><failure message="AssertionError: Failed to get classes: 520&#10;assert 520 == 200&#10; +  where 520 = &lt;Response [520]&gt;.status_code">tests/test_unified_portal_iter21.py:196: in test_classes_endpoint
    assert response.status_code == 200, f"Failed to get classes: {response.status_code}"
E   AssertionError: Failed to get classes: 520
E   assert 520 == 200
E    +  where 520 = &lt;Response [520]&gt;.status_code</failure></testcase><testcase classname="tests.test_unified_portal_iter21.TestUnifiedPortalAPIs" name="test_notices_endpoint" time="0.362" /><testcase classname="tests.test_unified_portal_iter21.TestUnifiedPortalAPIs" name="test_leave_pending_endpoint" time="0.383" /><testcase classname="tests.test_unified_portal_iter21.TestHealthCheck" name="test_api_health" time="0.066" /></testsuite></testsuites>