<?xml version="1.0" encoding="utf-8"?><testsuites name="pytest tests"><testsuite name="pytest" errors="0" failures="0" skipped="0" tests="9" time="2.645" timestamp="2026-01-21T06:40:45.110055+00:00" hostname="agent-env-5e5c94e3-e2a6-4e31-a51c-23ce7db2ca88"><testcase classname="tests.test_iter30_school_scoping.TestHealthCheck" name="test_api_health" time="0.062" /><testcase classname="tests.test_iter30_school_scoping.TestDirectorLogin" name="test_director_login" time="0.256" /><testcase classname="tests.test_iter30_school_scoping.TestSchoolDataScoping" name="test_get_schools_returns_only_user_school" time="0.302" /><testcase classname="tests.test_iter30_school_scoping.TestSchoolDataScoping" name="test_get_single_school_requires_authorization" time="0.346" /><testcase classname="tests.test_iter30_school_scoping.TestSchoolSettings" name="test_get_school_settings_own_school" time="0.298" /><testcase classname="tests.test_iter30_school_scoping.TestSchoolSettings" name="test_get_school_settings_other_school_blocked" time="0.300" /><testcase classname="tests.test_iter30_school_scoping.TestOnlineExamSystem" name="test_get_exams_list" time="0.306" /><testcase classname="tests.test_iter30_school_scoping.TestOnlineExamSystem" name="test_get_exams_with_teacher" time="0.382" /><testcase classname="tests.test_iter30_school_scoping.TestAuthMe" name="test_auth_me_returns_user_data" time="0.340" /></testsuite></testsuites>