<?xml version="1.0" encoding="utf-8"?><testsuites name="pytest tests"><testsuite name="pytest" errors="0" failures="1" skipped="0" tests="22" time="0.940" timestamp="2026-01-04T08:30:17.558287+00:00" hostname="agent-env-65c0de1d-489d-43b8-b02c-64a2e74796dd"><testcase classname="tests.test_mpbse_unified_syllabus.TestMPBSEAPIs" name="test_mpbse_summary_returns_statistics" time="0.071" /><testcase classname="tests.test_mpbse_unified_syllabus.TestMPBSEAPIs" name="test_mpbse_classes_returns_all_classes" time="0.036" /><testcase classname="tests.test_mpbse_unified_syllabus.TestMPBSEAPIs" name="test_mpbse_subjects_for_class_10" time="0.036" /><testcase classname="tests.test_mpbse_unified_syllabus.TestMPBSEAPIs" name="test_mpbse_syllabus_class_10_science" time="0.035" /><testcase classname="tests.test_mpbse_unified_syllabus.TestMPBSEAPIs" name="test_mpbse_syllabus_class_9_mathematics" time="0.037" /><testcase classname="tests.test_mpbse_unified_syllabus.TestMPBSEAPIs" name="test_mpbse_syllabus_class_12_physics" time="0.038" /><testcase classname="tests.test_mpbse_unified_syllabus.TestMPBSEAPIs" name="test_mpbse_search_topics" time="0.034" /><testcase classname="tests.test_mpbse_unified_syllabus.TestMPBSEAPIs" name="test_mpbse_invalid_class_returns_404" time="0.036" /><testcase classname="tests.test_mpbse_unified_syllabus.TestUnifiedSyllabusAPIs" name="test_boards_returns_ncert_and_mpbse" time="0.033" /><testcase classname="tests.test_mpbse_unified_syllabus.TestUnifiedSyllabusAPIs" name="test_unified_mpbse_classes" time="0.037" /><testcase classname="tests.test_mpbse_unified_syllabus.TestUnifiedSyllabusAPIs" name="test_unified_ncert_classes" time="0.031" /><testcase classname="tests.test_mpbse_unified_syllabus.TestUnifiedSyllabusAPIs" name="test_unified_ncert_syllabus_class_10_math" time="0.030" /><testcase classname="tests.test_mpbse_unified_syllabus.TestUnifiedSyllabusAPIs" name="test_unified_mpbse_syllabus_class_10_science" time="0.034" /><testcase classname="tests.test_mpbse_unified_syllabus.TestUnifiedSyllabusAPIs" name="test_unified_search_all_boards_quadratic" time="0.035" /><testcase classname="tests.test_mpbse_unified_syllabus.TestUnifiedSyllabusAPIs" name="test_unified_search_all_boards_photosynthesis" time="0.038"><failure message="assert 0 &gt;= 1">tests/test_mpbse_unified_syllabus.py:217: in test_unified_search_all_boards_photosynthesis
    assert data["total"] &gt;= 1
E   assert 0 &gt;= 1</failure></testcase><testcase classname="tests.test_mpbse_unified_syllabus.TestUnifiedSyllabusAPIs" name="test_unified_invalid_board_returns_404" time="0.035" /><testcase classname="tests.test_mpbse_unified_syllabus.TestUnifiedSyllabusAPIs" name="test_unified_board_case_insensitive" time="0.036" /><testcase classname="tests.test_mpbse_unified_syllabus.TestMPBSEDataIntegrity" name="test_class_9_has_all_subjects" time="0.038" /><testcase classname="tests.test_mpbse_unified_syllabus.TestMPBSEDataIntegrity" name="test_class_10_has_all_subjects" time="0.074" /><testcase classname="tests.test_mpbse_unified_syllabus.TestMPBSEDataIntegrity" name="test_class_11_has_science_subjects" time="0.031" /><testcase classname="tests.test_mpbse_unified_syllabus.TestMPBSEDataIntegrity" name="test_class_12_has_science_subjects" time="0.034" /><testcase classname="tests.test_mpbse_unified_syllabus.TestMPBSEDataIntegrity" name="test_chapters_have_topics" time="0.033" /></testsuite></testsuites>