<?xml version="1.0" encoding="utf-8"?><testsuites name="pytest tests"><testsuite name="pytest" errors="0" failures="2" skipped="2" tests="13" time="4.520" timestamp="2026-01-21T05:44:43.545334+00:00" hostname="agent-env-2b6ed65d-4463-4da7-a9a9-30e138c1b89c"><testcase classname="tests.test_iter29_features.TestHealthAndAuth" name="test_health_endpoint" time="0.073" /><testcase classname="tests.test_iter29_features.TestHealthAndAuth" name="test_director_login" time="0.325" /><testcase classname="tests.test_iter29_features.TestIDFormats" name="test_employee_id_format" time="0.385" /><testcase classname="tests.test_iter29_features.TestIDFormats" name="test_parent_id_format" time="0.344" /><testcase classname="tests.test_iter29_features.TestIDFormats" name="test_student_id_format_at_admission" time="0.592"><failure message="AssertionError: Failed: Internal Server Error&#10;assert 520 == 200&#10; +  where 520 = &lt;Response [520]&gt;.status_code">tests/test_iter29_features.py:168: in test_student_id_format_at_admission
    assert response.status_code == 200, f"Failed: {response.text}"
E   AssertionError: Failed: Internal Server Error
E   assert 520 == 200
E    +  where 520 = &lt;Response [520]&gt;.status_code</failure></testcase><testcase classname="tests.test_iter29_features.TestParentAutoCreation" name="test_parent_id_returned_at_admission" time="0.607"><failure message="AssertionError: Failed: Internal Server Error&#10;assert 520 == 200&#10; +  where 520 = &lt;Response [520]&gt;.status_code">tests/test_iter29_features.py:244: in test_parent_id_returned_at_admission
    assert response.status_code == 200, f"Failed: {response.text}"
E   AssertionError: Failed: Internal Server Error
E   assert 520 == 200
E    +  where 520 = &lt;Response [520]&gt;.status_code</failure></testcase><testcase classname="tests.test_iter29_features.TestParentLogin" name="test_parent_login_with_mobile" time="0.414" /><testcase classname="tests.test_iter29_features.TestParentLogin" name="test_parent_login_with_parent_id" time="0.378" /><testcase classname="tests.test_iter29_features.TestParentLogin" name="test_parent_login_validation" time="0.036" /><testcase classname="tests.test_iter29_features.TestParentLogin" name="test_parent_login_invalid_credentials" time="0.037" /><testcase classname="tests.test_iter29_features.TestStudentLogin" name="test_student_login_with_id_password" time="0.598"><skipped type="pytest.skip" message="Failed to create test student: Internal Server Error">/app/tests/test_iter29_features.py:435: Failed to create test student: Internal Server Error</skipped></testcase><testcase classname="tests.test_iter29_features.TestStudentLogin" name="test_student_login_with_mobile_dob" time="0.590"><skipped type="pytest.skip" message="Failed to create test student: Internal Server Error">/app/tests/test_iter29_features.py:451: Failed to create test student: Internal Server Error</skipped></testcase><testcase classname="tests.test_iter29_features.TestStudentLogin" name="test_student_login_validation" time="0.039" /></testsuite></testsuites>