<?xml version="1.0" encoding="utf-8"?><testsuites name="pytest tests"><testsuite name="pytest" errors="0" failures="0" skipped="0" tests="15" time="8.563" timestamp="2026-01-24T05:13:59.557835+00:00" hostname="agent-env-5ba7065e-fed8-43f7-b12b-be34f778a9ca"><testcase classname="backend.tests.test_iteration43_tino_ai.TestTinoAIChat" name="test_chat_endpoint_returns_200" time="1.474" /><testcase classname="backend.tests.test_iteration43_tino_ai.TestTinoAIChat" name="test_chat_returns_response_field" time="0.899" /><testcase classname="backend.tests.test_iteration43_tino_ai.TestTinoAIChat" name="test_chat_returns_suggestions" time="0.735" /><testcase classname="backend.tests.test_iteration43_tino_ai.TestTinoAIChat" name="test_chat_returns_data_context" time="2.351" /><testcase classname="backend.tests.test_iteration43_tino_ai.TestTinoAIChat" name="test_chat_hindi_query" time="0.760" /><testcase classname="backend.tests.test_iteration43_tino_ai.TestTinoAIChat" name="test_chat_english_query" time="0.866" /><testcase classname="backend.tests.test_iteration43_tino_ai.TestTinoAIQuickStats" name="test_quick_stats_returns_200" time="0.042" /><testcase classname="backend.tests.test_iteration43_tino_ai.TestTinoAIQuickStats" name="test_quick_stats_returns_school_name" time="0.039" /><testcase classname="backend.tests.test_iteration43_tino_ai.TestTinoAIQuickStats" name="test_quick_stats_returns_student_count" time="0.041" /><testcase classname="backend.tests.test_iteration43_tino_ai.TestTinoAIQuickStats" name="test_quick_stats_returns_attendance" time="0.040" /><testcase classname="backend.tests.test_iteration43_tino_ai.TestTinoAIQuickStats" name="test_quick_stats_returns_fee_collection" time="0.041" /><testcase classname="backend.tests.test_iteration43_tino_ai.TestTinoAIQuickStats" name="test_quick_stats_returns_pending_leaves" time="0.039" /><testcase classname="backend.tests.test_iteration43_tino_ai.TestTinoAICommand" name="test_command_attendance" time="0.037" /><testcase classname="backend.tests.test_iteration43_tino_ai.TestTinoAICommand" name="test_command_fee" time="0.036" /><testcase classname="backend.tests.test_iteration43_tino_ai.TestAuthenticationRequired" name="test_chat_without_auth_works" time="1.096" /></testsuite></testsuites>