<?xml version="1.0" encoding="utf-8"?><testsuites name="pytest tests"><testsuite name="pytest" errors="0" failures="0" skipped="0" tests="8" time="5.290" timestamp="2026-01-24T06:08:14.988590+00:00" hostname="agent-env-5ba7065e-fed8-43f7-b12b-be34f778a9ca"><testcase classname="tests.test_iteration44_tino_voice.TestTinoVoiceEndpoints" name="test_get_available_voices" time="0.095" /><testcase classname="tests.test_iteration44_tino_voice.TestTinoVoiceEndpoints" name="test_voice_status_elevenlabs_configured" time="0.040" /><testcase classname="tests.test_iteration44_tino_voice.TestTinoVoiceEndpoints" name="test_tts_endpoint_exists" time="0.744" /><testcase classname="tests.test_iteration44_tino_voice.TestTinoAIChat" name="test_tino_ai_quick_stats" time="0.312" /><testcase classname="tests.test_iteration44_tino_voice.TestTinoAIChat" name="test_tino_ai_chat_hindi" time="2.239" /><testcase classname="tests.test_iteration44_tino_voice.TestTinoAIChat" name="test_tino_ai_chat_english" time="1.218" /><testcase classname="tests.test_iteration44_tino_voice.TestAuthAndNavigation" name="test_login_success" time="0.257" /><testcase classname="tests.test_iteration44_tino_voice.TestAuthAndNavigation" name="test_school_data" time="0.318" /></testsuite></testsuites>