<?xml version="1.0" encoding="utf-8"?><testsuites name="pytest tests"><testsuite name="pytest" errors="0" failures="0" skipped="0" tests="21" time="17.228" timestamp="2026-01-04T09:36:08.838410+00:00" hostname="agent-env-1d4f38c5-6315-4215-8d5b-4f817573543f"><testcase classname="tests.test_fee_payment_accountant.TestFeePaymentAPIs" name="test_get_fee_structure" time="0.074" /><testcase classname="tests.test_fee_payment_accountant.TestFeePaymentAPIs" name="test_get_student_fee_status" time="0.041" /><testcase classname="tests.test_fee_payment_accountant.TestFeePaymentAPIs" name="test_get_student_fee_status_invalid_student" time="0.045" /><testcase classname="tests.test_fee_payment_accountant.TestFeePaymentAPIs" name="test_initiate_payment_upi" time="0.034" /><testcase classname="tests.test_fee_payment_accountant.TestFeePaymentAPIs" name="test_initiate_payment_card" time="0.040" /><testcase classname="tests.test_fee_payment_accountant.TestFeePaymentAPIs" name="test_verify_payment_success" time="0.081" /><testcase classname="tests.test_fee_payment_accountant.TestFeePaymentAPIs" name="test_verify_payment_failed" time="0.113" /><testcase classname="tests.test_fee_payment_accountant.TestFeePaymentAPIs" name="test_verify_payment_invalid_id" time="0.034" /><testcase classname="tests.test_fee_payment_accountant.TestFeePaymentAPIs" name="test_get_payment_history" time="0.038" /><testcase classname="tests.test_fee_payment_accountant.TestAIAccountantAPIs" name="test_get_accountant_dashboard" time="0.044" /><testcase classname="tests.test_fee_payment_accountant.TestAIAccountantAPIs" name="test_get_salary_overview" time="0.035" /><testcase classname="tests.test_fee_payment_accountant.TestAIAccountantAPIs" name="test_get_fee_defaulters" time="0.036" /><testcase classname="tests.test_fee_payment_accountant.TestAIAccountantAPIs" name="test_add_expense" time="0.035" /><testcase classname="tests.test_fee_payment_accountant.TestAIAccountantAPIs" name="test_get_expenses" time="0.033" /><testcase classname="tests.test_fee_payment_accountant.TestAIAccountantAPIs" name="test_get_expenses_by_category" time="0.030" /><testcase classname="tests.test_fee_payment_accountant.TestAIAccountantAPIs" name="test_get_ai_quick_insight" time="1.799" /><testcase classname="tests.test_fee_payment_accountant.TestAIAccountantAPIs" name="test_get_fee_collection_report" time="0.034" /><testcase classname="tests.test_fee_payment_accountant.TestAIChapterSummarizer" name="test_summarize_chapter" time="14.393" /><testcase classname="tests.test_fee_payment_accountant.TestSyllabusProgressAPIs" name="test_get_class_progress" time="0.052" /><testcase classname="tests.test_fee_payment_accountant.TestSyllabusProgressAPIs" name="test_get_student_syllabus_progress" time="0.040" /><testcase classname="tests.test_fee_payment_accountant.TestIntegration" name="test_complete_payment_flow" time="0.146" /></testsuite></testsuites>