<?xml version="1.0" encoding="utf-8"?><testsuites name="pytest tests"><testsuite name="pytest" errors="0" failures="0" skipped="0" tests="15" time="157.448" timestamp="2026-01-21T07:49:30.846660+00:00" hostname="agent-env-5e5c94e3-e2a6-4e31-a51c-23ce7db2ca88"><testcase classname="tests.test_iter32_seal_calendar.TestHealthAndAuth" name="test_health_check" time="0.071" /><testcase classname="tests.test_iter32_seal_calendar.TestHealthAndAuth" name="test_director_login" time="0.269" /><testcase classname="tests.test_iter32_seal_calendar.TestPaymentSettings" name="test_get_payment_settings" time="0.338" /><testcase classname="tests.test_iter32_seal_calendar.TestPaymentSettings" name="test_save_payment_settings" time="0.346" /><testcase classname="tests.test_iter32_seal_calendar.TestAISealGeneration" name="test_generate_ai_seal_circular_blue" time="16.444" /><testcase classname="tests.test_iter32_seal_calendar.TestAISealGeneration" name="test_generate_ai_seal_rectangular_red" time="16.349" /><testcase classname="tests.test_iter32_seal_calendar.TestAISealGeneration" name="test_generate_ai_seal_shield_gold" time="16.436" /><testcase classname="tests.test_iter32_seal_calendar.TestAISealGeneration" name="test_generate_ai_seal_without_school_name" time="16.090" /><testcase classname="tests.test_iter32_seal_calendar.TestCalendarAIGeneration" name="test_generate_calendar_single_page" time="29.472" /><testcase classname="tests.test_iter32_seal_calendar.TestCalendarAIGeneration" name="test_generate_calendar_two_page" time="31.166" /><testcase classname="tests.test_iter32_seal_calendar.TestCalendarAIGeneration" name="test_generate_calendar_poster" time="28.999" /><testcase classname="tests.test_iter32_seal_calendar.TestSchoolProfile" name="test_get_school_profile" time="0.359" /><testcase classname="tests.test_iter32_seal_calendar.TestSchoolProfile" name="test_update_school_profile_with_signature_seal" time="0.348" /><testcase classname="tests.test_iter32_seal_calendar.TestSchoolSettings" name="test_get_school_settings" time="0.343" /><testcase classname="tests.test_iter32_seal_calendar.TestSchoolSettings" name="test_save_school_settings" time="0.349" /></testsuite></testsuites>