<?xml version="1.0" encoding="utf-8"?><testsuites name="pytest tests"><testsuite name="pytest" errors="0" failures="3" skipped="0" tests="13" time="3.877" timestamp="2026-01-04T05:19:06.176531+00:00" hostname="agent-env-95cc257c-6a07-4cec-986a-df0868f642a3"><testcase classname="tests.test_new_features_iter7.TestAuthentication" name="test_director_login" time="0.293" /><testcase classname="tests.test_new_features_iter7.TestAuthentication" name="test_teacher_login" time="0.263" /><testcase classname="tests.test_new_features_iter7.TestZoomMeetings" name="test_get_meetings" time="0.298" /><testcase classname="tests.test_new_features_iter7.TestZoomMeetings" name="test_create_meeting" time="0.340" /><testcase classname="tests.test_new_features_iter7.TestZoomMeetings" name="test_get_single_meeting" time="0.337" /><testcase classname="tests.test_new_features_iter7.TestZoomMeetings" name="test_delete_meeting" time="0.341" /><testcase classname="tests.test_new_features_iter7.TestZoomMeetings" name="test_get_recordings" time="0.299"><failure message="assert 404 == 200&#10; +  where 404 = &lt;Response [404]&gt;.status_code">tests/test_new_features_iter7.py:154: in test_get_recordings
    assert response.status_code == 200
E   assert 404 == 200
E    +  where 404 = &lt;Response [404]&gt;.status_code</failure></testcase><testcase classname="tests.test_new_features_iter7.TestZoomMeetings" name="test_get_summaries" time="0.293"><failure message="assert 404 == 200&#10; +  where 404 = &lt;Response [404]&gt;.status_code">tests/test_new_features_iter7.py:165: in test_get_summaries
    assert response.status_code == 200
E   assert 404 == 200
E    +  where 404 = &lt;Response [404]&gt;.status_code</failure></testcase><testcase classname="tests.test_new_features_iter7.TestSchoolRegistration" name="test_create_school" time="0.347" /><testcase classname="tests.test_new_features_iter7.TestSchoolRegistration" name="test_get_schools" time="0.296" /><testcase classname="tests.test_new_features_iter7.TestTeacherDashboard" name="test_teacher_dashboard_access" time="0.339"><failure message="assert 404 == 200&#10; +  where 404 = &lt;Response [404]&gt;.status_code">tests/test_new_features_iter7.py:251: in test_teacher_dashboard_access
    assert response.status_code == 200
E   assert 404 == 200
E    +  where 404 = &lt;Response [404]&gt;.status_code</failure></testcase><testcase classname="tests.test_new_features_iter7.TestTeacherDashboard" name="test_teacher_classes" time="0.296" /><testcase classname="tests.test_new_features_iter7.TestHealthCheck" name="test_api_health" time="0.038" /></testsuite></testsuites>