<?xml version="1.0" encoding="utf-8"?><testsuites name="pytest tests"><testsuite name="pytest" errors="0" failures="0" skipped="0" tests="9" time="5.151" timestamp="2026-01-24T06:48:58.997097+00:00" hostname="agent-env-5ba7065e-fed8-43f7-b12b-be34f778a9ca"><testcase classname="backend.tests.test_iteration45_tino_redesign.TestTinoVoiceEndpoints" name="test_voice_status_endpoint" time="0.061" /><testcase classname="backend.tests.test_iteration45_tino_redesign.TestTinoVoiceEndpoints" name="test_voices_endpoint" time="0.043" /><testcase classname="backend.tests.test_iteration45_tino_redesign.TestTinoVoiceEndpoints" name="test_tts_endpoint_male_english" time="0.765" /><testcase classname="backend.tests.test_iteration45_tino_redesign.TestTinoVoiceEndpoints" name="test_tts_endpoint_female_hindi" time="1.079" /><testcase classname="backend.tests.test_iteration45_tino_redesign.TestTinoAIEndpoints" name="test_login_success" time="0.272" /><testcase classname="backend.tests.test_iteration45_tino_redesign.TestTinoAIEndpoints" name="test_tino_ai_chat_endpoint" time="1.435" /><testcase classname="backend.tests.test_iteration45_tino_redesign.TestTinoAIEndpoints" name="test_tino_ai_chat_hindi" time="1.066" /><testcase classname="backend.tests.test_iteration45_tino_redesign.TestTinoAIEndpoints" name="test_quick_stats_endpoint" time="0.299" /><testcase classname="backend.tests.test_iteration45_tino_redesign.TestHealthEndpoint" name="test_health_check" time="0.062" /></testsuite></testsuites>