<?xml version="1.0" encoding="utf-8"?><testsuites name="pytest tests"><testsuite name="pytest" errors="0" failures="0" skipped="0" tests="14" time="2.869" timestamp="2026-01-21T08:46:12.478049+00:00" hostname="agent-env-b3461736-4475-44c4-befb-3ef092417f52"><testcase classname="tests.test_iter33_employee_management.TestEmployeeManagement" name="test_01_health_check" time="0.075" /><testcase classname="tests.test_iter33_employee_management.TestEmployeeManagement" name="test_02_director_login" time="0.261" /><testcase classname="tests.test_iter33_employee_management.TestEmployeeManagement" name="test_03_create_employee_with_login" time="0.538" /><testcase classname="tests.test_iter33_employee_management.TestEmployeeManagement" name="test_04_created_employee_can_login" time="0.260" /><testcase classname="tests.test_iter33_employee_management.TestEmployeeManagement" name="test_05_get_employees_list" time="0.042" /><testcase classname="tests.test_iter33_employee_management.TestEmployeeManagement" name="test_06_get_employees_with_filter" time="0.042" /><testcase classname="tests.test_iter33_employee_management.TestEmployeeManagement" name="test_07_toggle_employee_login_disable" time="0.037" /><testcase classname="tests.test_iter33_employee_management.TestEmployeeManagement" name="test_08_disabled_employee_cannot_login" time="0.258" /><testcase classname="tests.test_iter33_employee_management.TestEmployeeManagement" name="test_09_toggle_employee_login_enable" time="0.039" /><testcase classname="tests.test_iter33_employee_management.TestEmployeeManagement" name="test_10_reenabled_employee_can_login" time="0.259" /><testcase classname="tests.test_iter33_employee_management.TestEmployeeManagement" name="test_11_get_single_employee" time="0.043" /><testcase classname="tests.test_iter33_employee_management.TestEmployeeManagement" name="test_12_teacher_login_test" time="0.262" /><testcase classname="tests.test_iter33_employee_management.TestSchoolManagementPage" name="test_01_school_management_api" time="0.382" /><testcase classname="tests.test_iter33_employee_management.TestEmployeeDesignations" name="test_01_get_designations" time="0.302" /></testsuite></testsuites>