<?xml version="1.0" encoding="utf-8"?><testsuites name="pytest tests"><testsuite name="pytest" errors="0" failures="1" skipped="0" tests="17" time="3.038" timestamp="2026-01-23T07:57:09.992693+00:00" hostname="agent-env-a9b00ab3-388f-4d05-ab52-6da5e6e3c103"><testcase classname="backend.tests.test_iteration40.TestAuth" name="test_login_success" time="0.302" /><testcase classname="backend.tests.test_iteration40.TestAuth" name="test_login_invalid_credentials" time="0.036" /><testcase classname="backend.tests.test_iteration40.TestFeeStructures" name="test_get_fee_structures" time="0.338" /><testcase classname="backend.tests.test_iteration40.TestFeeStructures" name="test_create_fee_structure" time="0.037" /><testcase classname="backend.tests.test_iteration40.TestFeeStructures" name="test_get_fee_structures_after_create" time="0.078" /><testcase classname="backend.tests.test_iteration40.TestFeeCollections" name="test_get_fee_collections" time="0.346" /><testcase classname="backend.tests.test_iteration40.TestFeeCollections" name="test_create_fee_collection" time="0.035"><failure message="assert 422 == 200&#10; +  where 422 = &lt;Response [422]&gt;.status_code">backend/tests/test_iteration40.py:149: in test_create_fee_collection
    assert response.status_code == 200
E   assert 422 == 200
E    +  where 422 = &lt;Response [422]&gt;.status_code</failure></testcase><testcase classname="backend.tests.test_iteration40.TestOldDues" name="test_get_old_dues" time="0.301" /><testcase classname="backend.tests.test_iteration40.TestOldDues" name="test_create_old_due" time="0.048" /><testcase classname="backend.tests.test_iteration40.TestOldDues" name="test_get_old_dues_after_create" time="0.037" /><testcase classname="backend.tests.test_iteration40.TestStudentAdmission" name="test_get_students" time="0.343" /><testcase classname="backend.tests.test_iteration40.TestStudentAdmission" name="test_admit_student_with_auth" time="0.301" /><testcase classname="backend.tests.test_iteration40.TestStudentAdmission" name="test_admit_student_without_auth" time="0.039" /><testcase classname="backend.tests.test_iteration40.TestLogoWatermarkSettings" name="test_get_school_settings" time="0.337" /><testcase classname="backend.tests.test_iteration40.TestLogoWatermarkSettings" name="test_update_school_logo_settings" time="0.033" /><testcase classname="backend.tests.test_iteration40.TestClasses" name="test_get_classes" time="0.300" /><testcase classname="backend.tests.test_iteration40.TestHealthCheck" name="test_health_endpoint" time="0.033" /></testsuite></testsuites>