<?xml version="1.0" encoding="utf-8"?><testsuites name="pytest tests"><testsuite name="pytest" errors="12" failures="0" skipped="0" tests="12" time="0.405" timestamp="2026-01-24T04:38:19.934932+00:00" hostname="agent-env-5ba7065e-fed8-43f7-b12b-be34f778a9ca"><testcase classname="backend.tests.test_iteration42.TestTinoAI" name="test_tino_ai_chat_endpoint_exists" time="0.295"><error message="failed on setup with &quot;TypeError: 'NoneType' object is not subscriptable&quot;">backend/tests/test_iteration42.py:30: in auth_token
    print(f"Auth token obtained: {token[:20]}...")
                                  ^^^^^^^^^^
E   TypeError: 'NoneType' object is not subscriptable</error></testcase><testcase classname="backend.tests.test_iteration42.TestTinoAI" name="test_tino_ai_returns_valid_response" time="0.000"><error message="failed on setup with &quot;TypeError: 'NoneType' object is not subscriptable&quot;">backend/tests/test_iteration42.py:30: in auth_token
    print(f"Auth token obtained: {token[:20]}...")
                                  ^^^^^^^^^^
E   TypeError: 'NoneType' object is not subscriptable</error></testcase><testcase classname="backend.tests.test_iteration42.TestTinoAI" name="test_tino_ai_returns_suggestions" time="0.000"><error message="failed on setup with &quot;TypeError: 'NoneType' object is not subscriptable&quot;">backend/tests/test_iteration42.py:30: in auth_token
    print(f"Auth token obtained: {token[:20]}...")
                                  ^^^^^^^^^^
E   TypeError: 'NoneType' object is not subscriptable</error></testcase><testcase classname="backend.tests.test_iteration42.TestTinoAI" name="test_tino_ai_quick_stats" time="0.000"><error message="failed on setup with &quot;TypeError: 'NoneType' object is not subscriptable&quot;">backend/tests/test_iteration42.py:30: in auth_token
    print(f"Auth token obtained: {token[:20]}...")
                                  ^^^^^^^^^^
E   TypeError: 'NoneType' object is not subscriptable</error></testcase><testcase classname="backend.tests.test_iteration42.TestFeeStructure" name="test_fee_structures_endpoint" time="0.000"><error message="failed on setup with &quot;TypeError: 'NoneType' object is not subscriptable&quot;">backend/tests/test_iteration42.py:30: in auth_token
    print(f"Auth token obtained: {token[:20]}...")
                                  ^^^^^^^^^^
E   TypeError: 'NoneType' object is not subscriptable</error></testcase><testcase classname="backend.tests.test_iteration42.TestFeeStructure" name="test_fee_structure_no_negative_values" time="0.000"><error message="failed on setup with &quot;TypeError: 'NoneType' object is not subscriptable&quot;">backend/tests/test_iteration42.py:30: in auth_token
    print(f"Auth token obtained: {token[:20]}...")
                                  ^^^^^^^^^^
E   TypeError: 'NoneType' object is not subscriptable</error></testcase><testcase classname="backend.tests.test_iteration42.TestFeeStructure" name="test_classes_endpoint" time="0.000"><error message="failed on setup with &quot;TypeError: 'NoneType' object is not subscriptable&quot;">backend/tests/test_iteration42.py:30: in auth_token
    print(f"Auth token obtained: {token[:20]}...")
                                  ^^^^^^^^^^
E   TypeError: 'NoneType' object is not subscriptable</error></testcase><testcase classname="backend.tests.test_iteration42.TestEventDesigner" name="test_schools_endpoint_for_event_designer" time="0.000"><error message="failed on setup with &quot;TypeError: 'NoneType' object is not subscriptable&quot;">backend/tests/test_iteration42.py:30: in auth_token
    print(f"Auth token obtained: {token[:20]}...")
                                  ^^^^^^^^^^
E   TypeError: 'NoneType' object is not subscriptable</error></testcase><testcase classname="backend.tests.test_iteration42.TestEventDesigner" name="test_event_design_generate_endpoint" time="0.000"><error message="failed on setup with &quot;TypeError: 'NoneType' object is not subscriptable&quot;">backend/tests/test_iteration42.py:30: in auth_token
    print(f"Auth token obtained: {token[:20]}...")
                                  ^^^^^^^^^^
E   TypeError: 'NoneType' object is not subscriptable</error></testcase><testcase classname="backend.tests.test_iteration42.TestFeeManagementAPIs" name="test_fee_collections_endpoint" time="0.000"><error message="failed on setup with &quot;TypeError: 'NoneType' object is not subscriptable&quot;">backend/tests/test_iteration42.py:30: in auth_token
    print(f"Auth token obtained: {token[:20]}...")
                                  ^^^^^^^^^^
E   TypeError: 'NoneType' object is not subscriptable</error></testcase><testcase classname="backend.tests.test_iteration42.TestFeeManagementAPIs" name="test_old_dues_endpoint" time="0.000"><error message="failed on setup with &quot;TypeError: 'NoneType' object is not subscriptable&quot;">backend/tests/test_iteration42.py:30: in auth_token
    print(f"Auth token obtained: {token[:20]}...")
                                  ^^^^^^^^^^
E   TypeError: 'NoneType' object is not subscriptable</error></testcase><testcase classname="backend.tests.test_iteration42.TestFeeManagementAPIs" name="test_students_endpoint" time="0.000"><error message="failed on setup with &quot;TypeError: 'NoneType' object is not subscriptable&quot;">backend/tests/test_iteration42.py:30: in auth_token
    print(f"Auth token obtained: {token[:20]}...")
                                  ^^^^^^^^^^
E   TypeError: 'NoneType' object is not subscriptable</error></testcase></testsuite></testsuites>