<?xml version="1.0" encoding="utf-8"?><testsuites name="pytest tests"><testsuite name="pytest" errors="0" failures="0" skipped="0" tests="20" time="21.314" timestamp="2026-01-05T07:27:29.480524+00:00" hostname="agent-env-3ed2e893-f821-488b-b674-e8209b85a43a"><testcase classname="tests.test_tino_ai_voice_assistant.TestVoiceAssistantStatus" name="test_status_endpoint_returns_200" time="0.092" /><testcase classname="tests.test_tino_ai_voice_assistant.TestVoiceAssistantStatus" name="test_status_returns_tts_available" time="0.037" /><testcase classname="tests.test_tino_ai_voice_assistant.TestVoiceAssistantStatus" name="test_status_returns_stt_available" time="0.035" /><testcase classname="tests.test_tino_ai_voice_assistant.TestVoiceAssistantStatus" name="test_status_returns_ai_available" time="0.038" /><testcase classname="tests.test_tino_ai_voice_assistant.TestVoiceAssistantStatus" name="test_status_returns_voices" time="0.034" /><testcase classname="tests.test_tino_ai_voice_assistant.TestVoiceAssistantChat" name="test_chat_endpoint_returns_200" time="2.371" /><testcase classname="tests.test_tino_ai_voice_assistant.TestVoiceAssistantChat" name="test_chat_returns_message" time="2.185" /><testcase classname="tests.test_tino_ai_voice_assistant.TestVoiceAssistantChat" name="test_chat_attendance_command" time="1.242" /><testcase classname="tests.test_tino_ai_voice_assistant.TestVoiceAssistantChat" name="test_chat_fee_status_command" time="1.376" /><testcase classname="tests.test_tino_ai_voice_assistant.TestVoiceAssistantChat" name="test_chat_returns_audio_base64" time="2.247" /><testcase classname="tests.test_tino_ai_voice_assistant.TestVoiceAssistantChat" name="test_chat_with_male_voice" time="1.560" /><testcase classname="tests.test_tino_ai_voice_assistant.TestVoiceAssistantChat" name="test_chat_teacher_role" time="1.093" /><testcase classname="tests.test_tino_ai_voice_assistant.TestVoiceAssistantTTS" name="test_tts_endpoint_returns_200" time="0.797" /><testcase classname="tests.test_tino_ai_voice_assistant.TestVoiceAssistantTTS" name="test_tts_returns_audio_base64" time="0.841" /><testcase classname="tests.test_tino_ai_voice_assistant.TestVoiceAssistantTTS" name="test_tts_male_voice" time="0.858" /><testcase classname="tests.test_tino_ai_voice_assistant.TestVoiceAssistantTTS" name="test_tts_female_voice" time="0.795" /><testcase classname="tests.test_tino_ai_voice_assistant.TestVoiceAssistantCommands" name="test_create_classes_command_requires_confirmation" time="1.155" /><testcase classname="tests.test_tino_ai_voice_assistant.TestVoiceAssistantCommands" name="test_add_student_redirect" time="0.962" /><testcase classname="tests.test_tino_ai_voice_assistant.TestVoiceAssistantExecuteCommand" name="test_execute_command_endpoint" time="1.135" /><testcase classname="tests.test_tino_ai_voice_assistant.TestVoiceAssistantLegacy" name="test_process_command_legacy_endpoint" time="2.386" /></testsuite></testsuites>