<?xml version="1.0" encoding="utf-8"?><testsuites name="pytest tests"><testsuite name="pytest" errors="0" failures="0" skipped="0" tests="16" time="1.857" timestamp="2026-01-04T07:48:07.505150+00:00" hostname="agent-env-65c0de1d-489d-43b8-b02c-64a2e74796dd"><testcase classname="tests.test_new_features_iter9.TestRazorpayPaymentConfig" name="test_get_payment_config" time="0.077" /><testcase classname="tests.test_new_features_iter9.TestCCTVManagement" name="test_cctv_auto_detect" time="0.312" /><testcase classname="tests.test_new_features_iter9.TestCCTVManagement" name="test_get_cameras" time="0.039" /><testcase classname="tests.test_new_features_iter9.TestCCTVManagement" name="test_add_camera_manually" time="0.040" /><testcase classname="tests.test_new_features_iter9.TestCCTVManagement" name="test_recording_settings" time="0.054" /><testcase classname="tests.test_new_features_iter9.TestCCTVManagement" name="test_get_recording_settings" time="0.046" /><testcase classname="tests.test_new_features_iter9.TestStorageBackup" name="test_ai_auto_setup_storage" time="0.336" /><testcase classname="tests.test_new_features_iter9.TestStorageBackup" name="test_configure_storage" time="0.044" /><testcase classname="tests.test_new_features_iter9.TestStorageBackup" name="test_get_storage_config" time="0.036" /><testcase classname="tests.test_new_features_iter9.TestStorageBackup" name="test_trigger_backup" time="0.038" /><testcase classname="tests.test_new_features_iter9.TestStorageBackup" name="test_get_backup_history" time="0.039" /><testcase classname="tests.test_new_features_iter9.TestStorageBackup" name="test_get_storage_usage" time="0.039" /><testcase classname="tests.test_new_features_iter9.TestAdminActivityDashboard" name="test_get_dashboard_overview" time="0.304" /><testcase classname="tests.test_new_features_iter9.TestAdminActivityDashboard" name="test_get_teacher_activities" time="0.045" /><testcase classname="tests.test_new_features_iter9.TestAdminActivityDashboard" name="test_teacher_cannot_access_admin_dashboard" time="0.294" /><testcase classname="tests.test_new_features_iter9.TestSubscriptionPlans" name="test_get_subscription_plans" time="0.035" /></testsuite></testsuites>