<?xml version="1.0" encoding="utf-8"?><testsuites name="pytest tests"><testsuite name="pytest" errors="0" failures="0" skipped="0" tests="9" time="1.587" timestamp="2026-01-21T05:20:51.719795+00:00" hostname="agent-env-2b6ed65d-4463-4da7-a9a9-30e138c1b89c"><testcase classname="tests.test_iter28_features.TestAuthentication" name="test_director_login" time="0.326" /><testcase classname="tests.test_iter28_features.TestTimetableClassDropdown" name="test_classes_endpoint_returns_data" time="0.309" /><testcase classname="tests.test_iter28_features.TestTimetableClassDropdown" name="test_timetable_endpoint_exists" time="0.382" /><testcase classname="tests.test_iter28_features.TestParentPortalAPIs" name="test_parent_login_endpoint_exists" time="0.037" /><testcase classname="tests.test_iter28_features.TestParentPortalAPIs" name="test_parent_login_with_mobile" time="0.041" /><testcase classname="tests.test_iter28_features.TestParentPortalAPIs" name="test_parent_login_with_parent_id" time="0.038" /><testcase classname="tests.test_iter28_features.TestParentPortalAPIs" name="test_parent_register_endpoint_exists" time="0.049" /><testcase classname="tests.test_iter28_features.TestEmployeeIDGeneration" name="test_staff_create_with_id_endpoint" time="0.307" /><testcase classname="tests.test_iter28_features.TestHealthCheck" name="test_api_health" time="0.036" /></testsuite></testsuites>