<?xml version="1.0" encoding="utf-8"?><testsuites name="pytest tests"><testsuite name="pytest" errors="0" failures="0" skipped="0" tests="27" time="86.937" timestamp="2026-01-03T08:19:25.591741+00:00" hostname="agent-env-e0467596-f9ac-4802-a551-facae2f225dd"><testcase classname="tests.test_ai_image_and_redirect.TestAIContentStudioWithImage" name="test_generate_admission_pamphlet_with_image" time="26.432" /><testcase classname="tests.test_ai_image_and_redirect.TestAIContentStudioWithImage" name="test_generate_topper_banner_with_image" time="20.304" /><testcase classname="tests.test_ai_image_and_redirect.TestAIContentStudioWithImage" name="test_generate_content_without_image" time="4.855" /><testcase classname="tests.test_ai_image_and_redirect.TestRoleBasedRedirect" name="test_director_login_returns_director_role" time="0.659" /><testcase classname="tests.test_ai_image_and_redirect.TestRoleBasedRedirect" name="test_teacher_login_returns_teacher_role" time="0.898" /><testcase classname="tests.test_ai_image_and_redirect.TestRoleBasedRedirect" name="test_student_login_returns_student_role" time="0.851" /><testcase classname="tests.test_ai_image_and_redirect.TestTeachTinoAndStudyTinoDashboards" name="test_teacher_dashboard_endpoint" time="0.892" /><testcase classname="tests.test_schooltino_backend.TestHealthAndSetup" name="test_health_endpoint" time="0.033" /><testcase classname="tests.test_schooltino_backend.TestHealthAndSetup" name="test_setup_check" time="0.036" /><testcase classname="tests.test_schooltino_backend.TestSecurityChecks" name="test_public_registration_disabled" time="0.037" /><testcase classname="tests.test_schooltino_backend.TestSecurityChecks" name="test_setup_director_blocked_after_first" time="0.042" /><testcase classname="tests.test_schooltino_backend.TestDirectorAuth" name="test_director_login_success" time="0.259" /><testcase classname="tests.test_schooltino_backend.TestDirectorAuth" name="test_director_login_invalid_password" time="0.268" /><testcase classname="tests.test_schooltino_backend.TestDirectorAuth" name="test_director_login_invalid_email" time="0.080" /><testcase classname="tests.test_schooltino_backend.TestUserManagement" name="test_create_user_as_director" time="0.555" /><testcase classname="tests.test_schooltino_backend.TestUserManagement" name="test_suspend_user" time="0.640" /><testcase classname="tests.test_schooltino_backend.TestUserManagement" name="test_unsuspend_user" time="0.684" /><testcase classname="tests.test_schooltino_backend.TestStudentAdmission" name="test_student_admission_with_auto_id" time="0.624" /><testcase classname="tests.test_schooltino_backend.TestStudentAdmission" name="test_student_login_with_id_password" time="0.851" /><testcase classname="tests.test_schooltino_backend.TestStudentAdmission" name="test_student_login_with_mobile_dob" time="0.644" /><testcase classname="tests.test_schooltino_backend.TestAIContentStudio" name="test_generate_admission_pamphlet" time="24.590" /><testcase classname="tests.test_schooltino_backend.TestTeacherDashboard" name="test_teacher_dashboard_endpoint" time="0.939" /><testcase classname="tests.test_schooltino_backend.TestDashboardNavigation" name="test_dashboard_stats" time="0.352" /><testcase classname="tests.test_schooltino_backend.TestDashboardNavigation" name="test_get_schools" time="0.341" /><testcase classname="tests.test_schooltino_backend.TestDashboardNavigation" name="test_get_classes" time="0.332" /><testcase classname="tests.test_schooltino_backend.TestDashboardNavigation" name="test_get_students" time="0.337" /><testcase classname="tests.test_schooltino_backend.TestDashboardNavigation" name="test_get_notices" time="0.340" /></testsuite></testsuites>