<?xml version="1.0" encoding="utf-8"?><testsuites name="pytest tests"><testsuite name="pytest" errors="0" failures="3" skipped="2" tests="20" time="12.779" timestamp="2026-01-21T07:17:04.355514+00:00" hostname="agent-env-5e5c94e3-e2a6-4e31-a51c-23ce7db2ca88"><testcase classname="tests.test_payment_system_iter32.TestPaymentSystem" name="test_01_get_payment_settings_empty" time="0.683" /><testcase classname="tests.test_payment_system_iter32.TestPaymentSystem" name="test_02_save_payment_settings" time="0.619" /><testcase classname="tests.test_payment_system_iter32.TestPaymentSystem" name="test_03_get_payment_settings_after_save" time="0.621" /><testcase classname="tests.test_payment_system_iter32.TestPaymentSystem" name="test_04_teacher_cannot_save_payment_settings" time="0.612" /><testcase classname="tests.test_payment_system_iter32.TestPaymentSystem" name="test_05_get_parent_fee_details" time="0.663" /><testcase classname="tests.test_payment_system_iter32.TestPaymentSystem" name="test_06_get_fee_details_invalid_student" time="0.623" /><testcase classname="tests.test_payment_system_iter32.TestPaymentSystem" name="test_07_record_parent_payment" time="0.620"><failure message="AssertionError: Failed: Internal Server Error&#10;assert 520 == 200&#10; +  where 520 = &lt;Response [520]&gt;.status_code">tests/test_payment_system_iter32.py:211: in test_07_record_parent_payment
    assert response.status_code == 200, f"Failed: {response.text}"
E   AssertionError: Failed: Internal Server Error
E   assert 520 == 200
E    +  where 520 = &lt;Response [520]&gt;.status_code</failure></testcase><testcase classname="tests.test_payment_system_iter32.TestPaymentSystem" name="test_08_record_payment_invalid_student" time="0.625" /><testcase classname="tests.test_payment_system_iter32.TestPaymentSystem" name="test_09_get_pending_payments" time="0.613" /><testcase classname="tests.test_payment_system_iter32.TestPaymentSystem" name="test_10_teacher_cannot_view_pending_payments" time="0.693" /><testcase classname="tests.test_payment_system_iter32.TestPaymentSystem" name="test_11_verify_payment_approve" time="0.572"><skipped type="pytest.skip" message="No test payment to verify">/app/tests/test_payment_system_iter32.py:279: No test payment to verify</skipped></testcase><testcase classname="tests.test_payment_system_iter32.TestPaymentSystem" name="test_12_verify_payment_invalid_id" time="0.608" /><testcase classname="tests.test_payment_system_iter32.TestPaymentSystem" name="test_13_teacher_cannot_verify_payment" time="0.607" /><testcase classname="tests.test_payment_system_iter32.TestPaymentSystem" name="test_14_verify_payment_reject" time="0.639"><failure message="assert 520 == 200&#10; +  where 520 = &lt;Response [520]&gt;.status_code">tests/test_payment_system_iter32.py:354: in test_14_verify_payment_reject
    assert response.status_code == 200
E   assert 520 == 200
E    +  where 520 = &lt;Response [520]&gt;.status_code</failure></testcase><testcase classname="tests.test_payment_system_iter32.TestPaymentSystem" name="test_15_get_receipt" time="0.644"><skipped type="pytest.skip" message="No receipt to test">/app/tests/test_payment_system_iter32.py:376: No receipt to test</skipped></testcase><testcase classname="tests.test_payment_system_iter32.TestPaymentSystem" name="test_16_get_receipt_invalid" time="0.639" /><testcase classname="tests.test_payment_system_iter32.TestPaymentSystem" name="test_17_full_payment_flow" time="0.615"><failure message="assert 520 == 200&#10; +  where 520 = &lt;Response [520]&gt;.status_code">tests/test_payment_system_iter32.py:429: in test_17_full_payment_flow
    assert response.status_code == 200
E   assert 520 == 200
E    +  where 520 = &lt;Response [520]&gt;.status_code</failure></testcase><testcase classname="tests.test_payment_system_iter32.TestPaymentSystem" name="test_18_payment_settings_update" time="0.686" /><testcase classname="tests.test_payment_system_iter32.TestPaymentSystem" name="test_19_fee_details_with_payment_history" time="0.606" /><testcase classname="tests.test_payment_system_iter32.TestPaymentSystem" name="test_20_unauthenticated_access" time="0.673" /></testsuite></testsuites>