<?xml version="1.0" encoding="utf-8"?><testsuites name="pytest tests"><testsuite name="pytest" errors="0" failures="0" skipped="0" tests="11" time="4.773" timestamp="2026-01-20T17:37:22.860109+00:00" hostname="agent-env-2b6ed65d-4463-4da7-a9a9-30e138c1b89c"><testcase classname="tests.test_event_designer_iter26.TestLoginFlow" name="test_login_director_demo" time="0.287" /><testcase classname="tests.test_event_designer_iter26.TestEventDesignerAPI" name="test_generate_pamphlet_design" time="0.306" /><testcase classname="tests.test_event_designer_iter26.TestEventDesignerAPI" name="test_generate_invitation_design" time="0.292" /><testcase classname="tests.test_event_designer_iter26.TestEventDesignerAPI" name="test_get_school_designs" time="0.293" /><testcase classname="tests.test_event_designer_iter26.TestVoiceAssistantAPI" name="test_voice_assistant_status" time="0.044" /><testcase classname="tests.test_event_designer_iter26.TestVoiceAssistantAPI" name="test_voice_assistant_chat_navigation" time="0.995" /><testcase classname="tests.test_event_designer_iter26.TestVoiceAssistantAPI" name="test_voice_assistant_chat_attendance" time="1.320" /><testcase classname="tests.test_event_designer_iter26.TestVoiceAssistantAPI" name="test_voice_assistant_tts" time="0.781" /><testcase classname="tests.test_event_designer_iter26.TestStudentIDCardAPI" name="test_get_students_for_id_card" time="0.313" /><testcase classname="tests.test_event_designer_iter26.TestHealthAndBasics" name="test_api_health" time="0.036" /><testcase classname="tests.test_event_designer_iter26.TestHealthAndBasics" name="test_frontend_accessible" time="0.035" /></testsuite></testsuites>