<?xml version="1.0" encoding="utf-8"?><testsuites name="pytest tests"><testsuite name="pytest" errors="0" failures="2" skipped="0" tests="15" time="5.150" timestamp="2026-01-22T14:05:55.236484+00:00" hostname="agent-env-26ed27ab-b047-4e85-8301-4282fd30dac8"><testcase classname="tests.test_iter36_id_card_features.TestAuthentication" name="test_director_login" time="0.300" /><testcase classname="tests.test_iter36_id_card_features.TestStudentIDCardFeatures" name="test_student_id_card_has_parent_phone" time="0.350" /><testcase classname="tests.test_iter36_id_card_features.TestStudentIDCardFeatures" name="test_student_id_card_has_samgra_id_for_mp_board" time="0.345" /><testcase classname="tests.test_iter36_id_card_features.TestStudentIDCardFeatures" name="test_student_id_card_has_board_type" time="0.312" /><testcase classname="tests.test_iter36_id_card_features.TestStudentIDCardFeatures" name="test_student_id_card_no_email_field" time="0.305" /><testcase classname="tests.test_iter36_id_card_features.TestHigherAuthorityIDCard" name="test_director_id_card_dark_red_color" time="0.584" /><testcase classname="tests.test_iter36_id_card_features.TestHigherAuthorityIDCard" name="test_director_id_card_is_higher_authority" time="0.567" /><testcase classname="tests.test_iter36_id_card_features.TestHigherAuthorityIDCard" name="test_director_id_card_hindi_designation" time="0.566" /><testcase classname="tests.test_iter36_id_card_features.TestRoleBasedColors" name="test_create_teacher_and_verify_blue_color" time="0.341" /><testcase classname="tests.test_iter36_id_card_features.TestRoleBasedColors" name="test_create_accountant_and_verify_green_color" time="0.341" /><testcase classname="tests.test_iter36_id_card_features.TestRoleBasedColors" name="test_create_principal_and_verify_red_color" time="0.342" /><testcase classname="tests.test_iter36_id_card_features.TestColorDifferentiation" name="test_color_mapping_exists" time="0.000" /><testcase classname="tests.test_iter36_id_card_features.TestStudentFormFields" name="test_student_data_has_parent_phone" time="0.338"><failure message="AssertionError: Student should have parent_phone field&#10;assert None is not None">tests/test_iter36_id_card_features.py:375: in test_student_data_has_parent_phone
    assert parent_phone is not None, "Student should have parent_phone field"
E   AssertionError: Student should have parent_phone field
E   assert None is not None</failure></testcase><testcase classname="tests.test_iter36_id_card_features.TestStudentFormFields" name="test_student_data_has_samgra_id" time="0.298"><failure message="AssertionError: Student should have samgra_id field&#10;assert None is not None">tests/test_iter36_id_card_features.py:408: in test_student_data_has_samgra_id
    assert samgra_id is not None, "Student should have samgra_id field"
E   AssertionError: Student should have samgra_id field
E   assert None is not None</failure></testcase><testcase classname="tests.test_iter36_id_card_features.TestHealthCheck" name="test_api_health" time="0.061" /></testsuite></testsuites>