<?xml version="1.0" encoding="utf-8"?><testsuites name="pytest tests"><testsuite name="pytest" errors="0" failures="1" skipped="0" tests="15" time="9.434" timestamp="2026-01-21T09:14:14.890098+00:00" hostname="agent-env-b3461736-4475-44c4-befb-3ef092417f52"><testcase classname="tests.test_iter34_voice_assistant_drawing.TestHealthAndAuth" name="test_health_check" time="0.098" /><testcase classname="tests.test_iter34_voice_assistant_drawing.TestHealthAndAuth" name="test_director_login" time="0.267" /><testcase classname="tests.test_iter34_voice_assistant_drawing.TestVoiceAssistantNavigation" name="test_voice_assistant_status" time="0.297" /><testcase classname="tests.test_iter34_voice_assistant_drawing.TestVoiceAssistantNavigation" name="test_admission_form_navigation" time="1.300" /><testcase classname="tests.test_iter34_voice_assistant_drawing.TestVoiceAssistantNavigation" name="test_calendar_navigation" time="1.120" /><testcase classname="tests.test_iter34_voice_assistant_drawing.TestVoiceAssistantNavigation" name="test_employees_navigation" time="1.171" /><testcase classname="tests.test_iter34_voice_assistant_drawing.TestVoiceAssistantNavigation" name="test_timetable_navigation" time="1.140" /><testcase classname="tests.test_iter34_voice_assistant_drawing.TestVoiceAssistantNavigation" name="test_exams_navigation" time="1.125" /><testcase classname="tests.test_iter34_voice_assistant_drawing.TestAIBackgroundRemoveEndpoint" name="test_ai_remove_background_endpoint_exists" time="0.310" /><testcase classname="tests.test_iter34_voice_assistant_drawing.TestEmployeeManagement" name="test_get_employees_list" time="0.299"><failure message="AttributeError: 'list' object has no attribute 'get'">tests/test_iter34_voice_assistant_drawing.py:227: in test_get_employees_list
    print(f"✓ Employees list retrieved: {len(data.get('employees', []))} employees")
                                             ^^^^^^^^
E   AttributeError: 'list' object has no attribute 'get'</failure></testcase><testcase classname="tests.test_iter34_voice_assistant_drawing.TestEmployeeManagement" name="test_create_employee_with_login" time="0.519" /><testcase classname="tests.test_iter34_voice_assistant_drawing.TestEmployeeManagement" name="test_created_employee_can_login" time="0.786" /><testcase classname="tests.test_iter34_voice_assistant_drawing.TestSchoolManagementSettings" name="test_get_school_profile" time="0.301" /><testcase classname="tests.test_iter34_voice_assistant_drawing.TestSchoolManagementSettings" name="test_get_payment_settings" time="0.297" /><testcase classname="tests.test_iter34_voice_assistant_drawing.TestSchoolManagementSettings" name="test_get_academic_settings" time="0.304" /></testsuite></testsuites>