<?xml version="1.0" encoding="utf-8"?><testsuites name="pytest tests"><testsuite name="pytest" errors="0" failures="0" skipped="0" tests="11" time="1.571" timestamp="2026-01-05T04:39:16.284408+00:00" hostname="agent-env-9a3f7614-8008-471a-a7f5-b6e1c55c8632"><testcase classname="tests.test_subscription_cctv_iter18.TestSubscriptionPlans" name="test_get_subscription_plans_returns_6_plans" time="0.071" /><testcase classname="tests.test_subscription_cctv_iter18.TestSubscriptionPlans" name="test_subscription_plans_correct_pricing" time="0.036" /><testcase classname="tests.test_subscription_cctv_iter18.TestSubscriptionPlans" name="test_gps_tracking_coming_soon" time="0.038" /><testcase classname="tests.test_subscription_cctv_iter18.TestSubscriptionPlans" name="test_ai_teacher_coming_soon" time="0.035" /><testcase classname="tests.test_subscription_cctv_iter18.TestSubscriptionPlans" name="test_trial_info_one_month_free" time="0.837" /><testcase classname="tests.test_subscription_cctv_iter18.TestSubscriptionPlans" name="test_free_trial_plan_details" time="0.034" /><testcase classname="tests.test_subscription_cctv_iter18.TestCCTVAPIs" name="test_register_cctv_device" time="0.048" /><testcase classname="tests.test_subscription_cctv_iter18.TestCCTVAPIs" name="test_register_cctv_auto_detect_brand" time="0.034" /><testcase classname="tests.test_subscription_cctv_iter18.TestCCTVAPIs" name="test_get_cctv_devices" time="0.040" /><testcase classname="tests.test_subscription_cctv_iter18.TestCCTVAPIs" name="test_get_cctv_devices_returns_registered_devices" time="0.073" /><testcase classname="tests.test_subscription_cctv_iter18.TestAdminLogin" name="test_admin_login_success" time="0.259" /></testsuite></testsuites>