<?xml version="1.0" encoding="utf-8"?><testsuites name="pytest tests"><testsuite name="pytest" errors="0" failures="0" skipped="0" tests="16" time="8.232" timestamp="2026-01-03T09:27:46.140263+00:00" hostname="agent-env-e0467596-f9ac-4802-a551-facae2f225dd"><testcase classname="tests.test_new_features_iter5.TestAuthentication" name="test_director_login" time="0.282" /><testcase classname="tests.test_new_features_iter5.TestSMSCenter" name="test_get_sms_templates" time="0.305" /><testcase classname="tests.test_new_features_iter5.TestSMSCenter" name="test_send_sms_all_parents" time="0.376" /><testcase classname="tests.test_new_features_iter5.TestSMSCenter" name="test_send_sms_individual" time="0.339" /><testcase classname="tests.test_new_features_iter5.TestVoiceAssistant" name="test_voice_command_dashboard" time="1.068" /><testcase classname="tests.test_new_features_iter5.TestVoiceAssistant" name="test_voice_command_students" time="0.917" /><testcase classname="tests.test_new_features_iter5.TestVoiceAssistant" name="test_voice_command_fee_reminder" time="1.843" /><testcase classname="tests.test_new_features_iter5.TestImageGallery" name="test_list_images" time="0.302" /><testcase classname="tests.test_new_features_iter5.TestImageGallery" name="test_upload_image" time="0.334" /><testcase classname="tests.test_new_features_iter5.TestImageGallery" name="test_delete_image" time="0.415" /><testcase classname="tests.test_new_features_iter5.TestQRCode" name="test_generate_student_qr" time="0.385" /><testcase classname="tests.test_new_features_iter5.TestReportCard" name="test_generate_report_card" time="0.332" /><testcase classname="tests.test_new_features_iter5.TestWebsiteIntegration" name="test_get_website_config" time="0.293" /><testcase classname="tests.test_new_features_iter5.TestWebsiteIntegration" name="test_configure_website" time="0.292" /><testcase classname="tests.test_new_features_iter5.TestPublicAPIs" name="test_public_school_info" time="0.369" /><testcase classname="tests.test_new_features_iter5.TestPublicAPIs" name="test_public_notices" time="0.329" /></testsuite></testsuites>