<?xml version="1.0" encoding="utf-8"?><testsuites name="pytest tests"><testsuite name="pytest" errors="0" failures="0" skipped="0" tests="13" time="2.814" timestamp="2026-01-24T09:17:33.288533+00:00" hostname="agent-env-8671a0a3-18bc-4c2d-9865-f9c60573e113"><testcase classname="backend.tests.test_iteration47_bulk_import_docs.TestAuth" name="test_login_success" time="0.301" /><testcase classname="backend.tests.test_iteration47_bulk_import_docs.TestBulkImportTemplate" name="test_get_student_template" time="0.300" /><testcase classname="backend.tests.test_iteration47_bulk_import_docs.TestBulkImportTemplate" name="test_get_employee_template" time="0.045" /><testcase classname="backend.tests.test_iteration47_bulk_import_docs.TestBulkImportTemplate" name="test_invalid_template_type" time="0.051" /><testcase classname="backend.tests.test_iteration47_bulk_import_docs.TestBulkImportPreview" name="test_preview_valid_csv" time="0.339" /><testcase classname="backend.tests.test_iteration47_bulk_import_docs.TestBulkImportPreview" name="test_preview_invalid_file_type" time="0.038" /><testcase classname="backend.tests.test_iteration47_bulk_import_docs.TestBulkImportExecute" name="test_execute_student_import" time="0.389" /><testcase classname="backend.tests.test_iteration47_bulk_import_docs.TestDocumentUpload" name="test_upload_document" time="0.383" /><testcase classname="backend.tests.test_iteration47_bulk_import_docs.TestDocumentUpload" name="test_list_documents" time="0.040" /><testcase classname="backend.tests.test_iteration47_bulk_import_docs.TestDocumentUpload" name="test_upload_invalid_file_type" time="0.080" /><testcase classname="backend.tests.test_iteration47_bulk_import_docs.TestStudentsPageIntegration" name="test_students_list_api" time="0.386" /><testcase classname="backend.tests.test_iteration47_bulk_import_docs.TestStudentsPageIntegration" name="test_classes_list_api" time="0.037" /><testcase classname="backend.tests.test_iteration47_bulk_import_docs.TestEmployeeManagement" name="test_staff_list_api" time="0.369" /></testsuite></testsuites>