<?xml version="1.0" encoding="utf-8"?><testsuites name="pytest tests"><testsuite name="pytest" errors="0" failures="1" skipped="0" tests="19" time="1.131" timestamp="2026-01-23T09:27:01.970798+00:00" hostname="agent-env-a9b00ab3-388f-4d05-ab52-6da5e6e3c103"><testcase classname="backend.tests.test_iteration41.TestTimetableManagement" name="test_get_timetables" time="0.348" /><testcase classname="backend.tests.test_iteration41.TestTimetableManagement" name="test_save_timetable_slot" time="0.051" /><testcase classname="backend.tests.test_iteration41.TestTimetableManagement" name="test_get_timetables_with_class_filter" time="0.040" /><testcase classname="backend.tests.test_iteration41.TestTimetableManagement" name="test_delete_timetable_slot" time="0.038" /><testcase classname="backend.tests.test_iteration41.TestCertificateGenerator" name="test_get_certificate_count" time="0.033" /><testcase classname="backend.tests.test_iteration41.TestCertificateGenerator" name="test_get_certificates" time="0.037" /><testcase classname="backend.tests.test_iteration41.TestCertificateGenerator" name="test_create_certificate" time="0.048" /><testcase classname="backend.tests.test_iteration41.TestExamReportCard" name="test_get_exams" time="0.040" /><testcase classname="backend.tests.test_iteration41.TestExamReportCard" name="test_create_exam" time="0.038"><failure message="AssertionError: Expected 200, got 422: {&quot;detail&quot;:[{&quot;type&quot;:&quot;missing&quot;,&quot;loc&quot;:[&quot;body&quot;,&quot;title&quot;],&quot;msg&quot;:&quot;Field required&quot;,&quot;input&quot;:{&quot;school_id&quot;:&quot;SCH-TEST-2026&quot;,&quot;name&quot;:&quot;Test Exam 2f0d5d&quot;,&quot;type&quot;:&quot;unit1&quot;,&quot;class_id&quot;:&quot;test-class-1&quot;,&quot;start_date&quot;:&quot;2026-01-20&quot;,&quot;end_date&quot;:&quot;2026-01-25&quot;,&quot;max_marks&quot;:100},&quot;url&quot;:&quot;https://errors.pydantic.dev/2.12/v/missing&quot;},{&quot;type&quot;:&quot;missing&quot;,&quot;loc&quot;:[&quot;body&quot;,&quot;subject&quot;],&quot;msg&quot;:&quot;Field required&quot;,&quot;input&quot;:{&quot;school_id&quot;:&quot;SCH-TEST-2026&quot;,&quot;name&quot;:&quot;Test Exam 2f0d5d&quot;,&quot;type&quot;:&quot;unit1&quot;,&quot;class_id&quot;:&quot;test-class-1&quot;,&quot;start_date&quot;:&quot;2026-01-20&quot;,&quot;end_date&quot;:&quot;2026-01-25&quot;,&quot;max_marks&quot;:100},&quot;url&quot;:&quot;https://errors.pydantic.dev/2.12/v/missing&quot;},{&quot;type&quot;:&quot;missing&quot;,&quot;loc&quot;:[&quot;body&quot;,&quot;duration&quot;],&quot;msg&quot;:&quot;Field required&quot;,&quot;input&quot;:{&quot;school_id&quot;:&quot;SCH-TEST-2026&quot;,&quot;name&quot;:&quot;Test Exam 2f0d5d&quot;,&quot;type&quot;:&quot;unit1&quot;,&quot;class_id&quot;:&quot;test-class-1&quot;,&quot;start_date&quot;:&quot;2026-01-20&quot;,&quot;end_date&quot;:&quot;2026-01-25&quot;,&quot;max_marks&quot;:100},&quot;url&quot;:&quot;https://errors.pydantic.dev/2.12/v/missing&quot;},{&quot;type&quot;:&quot;missing&quot;,&quot;loc&quot;:[&quot;body&quot;,&quot;total_marks&quot;],&quot;msg&quot;:&quot;Field required&quot;,&quot;input&quot;:{&quot;school_id&quot;:&quot;SCH-TEST-2026&quot;,&quot;name&quot;:&quot;Test Exam 2f0d5d&quot;,&quot;type&quot;:&quot;unit1&quot;,&quot;class_id&quot;:&quot;test-class-1&quot;,&quot;start_date&quot;:&quot;2026-01-20&quot;,&quot;end_date&quot;:&quot;2026-01-25&quot;,&quot;max_marks&quot;:100},&quot;url&quot;:&quot;https://errors.pydantic.dev/2.12/v/missing&quot;},{&quot;type&quot;:&quot;missing&quot;,&quot;loc&quot;:[&quot;body&quot;,&quot;questions&quot;],&quot;msg&quot;:&quot;Field required&quot;,&quot;input&quot;:{&quot;school_id&quot;:&quot;SCH-TEST-2026&quot;,&quot;name&quot;:&quot;Test Exam 2f0d5d&quot;,&quot;type&quot;:&quot;unit1&quot;,&quot;class_id&quot;:&quot;test-class-1&quot;,&quot;start_date&quot;:&quot;2026-01-20&quot;,&quot;end_date&quot;:&quot;2026-01-25&quot;,&quot;max_marks&quot;:100},&quot;url&quot;:&quot;https://errors.pydantic.dev/2.12/v/missing&quot;}]}&#10;assert 422 == 200&#10; +  where 422 = &lt;Response [422]&gt;.status_code">backend/tests/test_iteration41.py:181: in test_create_exam
    assert response.status_code == 200, f"Expected 200, got {response.status_code}: {response.text}"
E   AssertionError: Expected 200, got 422: {"detail":[{"type":"missing","loc":["body","title"],"msg":"Field required","input":{"school_id":"SCH-TEST-2026","name":"Test Exam 2f0d5d","type":"unit1","class_id":"test-class-1","start_date":"2026-01-20","end_date":"2026-01-25","max_marks":100},"url":"https://errors.pydantic.dev/2.12/v/missing"},{"type":"missing","loc":["body","subject"],"msg":"Field required","input":{"school_id":"SCH-TEST-2026","name":"Test Exam 2f0d5d","type":"unit1","class_id":"test-class-1","start_date":"2026-01-20","end_date":"2026-01-25","max_marks":100},"url":"https://errors.pydantic.dev/2.12/v/missing"},{"type":"missing","loc":["body","duration"],"msg":"Field required","input":{"school_id":"SCH-TEST-2026","name":"Test Exam 2f0d5d","type":"unit1","class_id":"test-class-1","start_date":"2026-01-20","end_date":"2026-01-25","max_marks":100},"url":"https://errors.pydantic.dev/2.12/v/missing"},{"type":"missing","loc":["body","total_marks"],"msg":"Field required","input":{"school_id":"SCH-TEST-2026","name":"Test Exam 2f0d5d","type":"unit1","class_id":"test-class-1","start_date":"2026-01-20","end_date":"2026-01-25","max_marks":100},"url":"https://errors.pydantic.dev/2.12/v/missing"},{"type":"missing","loc":["body","questions"],"msg":"Field required","input":{"school_id":"SCH-TEST-2026","name":"Test Exam 2f0d5d","type":"unit1","class_id":"test-class-1","start_date":"2026-01-20","end_date":"2026-01-25","max_marks":100},"url":"https://errors.pydantic.dev/2.12/v/missing"}]}
E   assert 422 == 200
E    +  where 422 = &lt;Response [422]&gt;.status_code</failure></testcase><testcase classname="backend.tests.test_iteration41.TestExamReportCard" name="test_get_marks" time="0.034" /><testcase classname="backend.tests.test_iteration41.TestExamReportCard" name="test_save_bulk_marks" time="0.047" /><testcase classname="backend.tests.test_iteration41.TestExamReportCard" name="test_verify_marks_saved" time="0.036" /><testcase classname="backend.tests.test_iteration41.TestSubjects" name="test_get_subjects" time="0.035" /><testcase classname="backend.tests.test_iteration41.TestFeeManagementQuickCheck" name="test_fee_structures" time="0.038" /><testcase classname="backend.tests.test_iteration41.TestFeeManagementQuickCheck" name="test_fee_collections" time="0.038" /><testcase classname="backend.tests.test_iteration41.TestFeeManagementQuickCheck" name="test_old_dues" time="0.035" /><testcase classname="backend.tests.test_iteration41.TestClassesAndStudents" name="test_get_classes" time="0.038" /><testcase classname="backend.tests.test_iteration41.TestClassesAndStudents" name="test_get_students" time="0.036" /><testcase classname="backend.tests.test_iteration41.TestClassesAndStudents" name="test_get_school" time="0.032" /></testsuite></testsuites>