<?xml version="1.0" encoding="utf-8"?><testsuites name="pytest tests"><testsuite name="pytest" errors="0" failures="0" skipped="0" tests="17" time="4.980" timestamp="2026-01-21T04:33:01.388341+00:00" hostname="agent-env-2b6ed65d-4463-4da7-a9a9-30e138c1b89c"><testcase classname="tests.test_calendar_family_iter27.TestAuth" name="test_director_login" time="0.296" /><testcase classname="tests.test_calendar_family_iter27.TestCalendarAPIs" name="test_get_calendar_events" time="0.346" /><testcase classname="tests.test_calendar_family_iter27.TestCalendarAPIs" name="test_create_calendar_event" time="0.053" /><testcase classname="tests.test_calendar_family_iter27.TestCalendarAPIs" name="test_get_calendar_photos" time="0.042" /><testcase classname="tests.test_calendar_family_iter27.TestCalendarAPIs" name="test_get_testimonials" time="0.039" /><testcase classname="tests.test_calendar_family_iter27.TestCalendarAPIs" name="test_create_testimonial" time="0.052" /><testcase classname="tests.test_calendar_family_iter27.TestFamilyPortalAPIs" name="test_get_family_children" time="0.305" /><testcase classname="tests.test_calendar_family_iter27.TestFamilyPortalAPIs" name="test_add_child_validation" time="0.041" /><testcase classname="tests.test_calendar_family_iter27.TestFamilyPortalAPIs" name="test_get_child_attendance" time="0.041" /><testcase classname="tests.test_calendar_family_iter27.TestFamilyPortalAPIs" name="test_get_child_fees" time="0.041" /><testcase classname="tests.test_calendar_family_iter27.TestFamilyPortalAPIs" name="test_get_child_syllabus_progress" time="0.039" /><testcase classname="tests.test_calendar_family_iter27.TestVoiceAssistantAPIs" name="test_voice_assistant_status" time="0.292" /><testcase classname="tests.test_calendar_family_iter27.TestVoiceAssistantAPIs" name="test_voice_assistant_chat_navigation" time="1.040" /><testcase classname="tests.test_calendar_family_iter27.TestVoiceAssistantAPIs" name="test_voice_assistant_chat_attendance" time="1.123" /><testcase classname="tests.test_calendar_family_iter27.TestVoiceAssistantAPIs" name="test_voice_assistant_tts" time="0.732" /><testcase classname="tests.test_calendar_family_iter27.TestEventDesignerAPIs" name="test_generate_event_design" time="0.385" /><testcase classname="tests.test_calendar_family_iter27.TestHealthCheck" name="test_health_endpoint" time="0.036" /></testsuite></testsuites>