<?xml version="1.0" encoding="utf-8"?><testsuites name="pytest tests"><testsuite name="pytest" errors="0" failures="0" skipped="0" tests="13" time="1.013" timestamp="2026-01-05T04:21:48.723691+00:00" hostname="agent-env-9a3f7614-8008-471a-a7f5-b6e1c55c8632"><testcase classname="tests.test_face_recognition_iter17.TestFaceRecognitionAPIs" name="test_get_school_face_settings" time="0.082" /><testcase classname="tests.test_face_recognition_iter17.TestFaceRecognitionAPIs" name="test_get_enrollment_status" time="0.038" /><testcase classname="tests.test_face_recognition_iter17.TestFaceRecognitionAPIs" name="test_get_face_enrollment_stats" time="0.036" /><testcase classname="tests.test_face_recognition_iter17.TestFaceRecognitionAPIs" name="test_school_settings_default_values" time="0.034" /><testcase classname="tests.test_face_recognition_iter17.TestAccountantDashboardAPIs" name="test_accountant_dashboard_loads" time="0.041" /><testcase classname="tests.test_face_recognition_iter17.TestAccountantDashboardAPIs" name="test_fee_defaulters_endpoint" time="0.034" /><testcase classname="tests.test_face_recognition_iter17.TestSalaryTrackingAPIs" name="test_salary_status_endpoint" time="0.039" /><testcase classname="tests.test_face_recognition_iter17.TestSalaryTrackingAPIs" name="test_salary_slip_endpoint" time="0.035" /><testcase classname="tests.test_face_recognition_iter17.TestStudentReceiptsAPIs" name="test_student_payments_endpoint" time="0.036" /><testcase classname="tests.test_face_recognition_iter17.TestAuthenticationAPIs" name="test_admin_login_success" time="0.255" /><testcase classname="tests.test_face_recognition_iter17.TestAuthenticationAPIs" name="test_admin_login_invalid_password" time="0.259" /><testcase classname="tests.test_face_recognition_iter17.TestAuthenticationAPIs" name="test_student_login_success" time="0.038" /><testcase classname="tests.test_face_recognition_iter17.TestMultiYearFeesAPIs" name="test_multi_year_fees_summary" time="0.034" /></testsuite></testsuites>