<?xml version="1.0" encoding="utf-8"?><testsuites name="pytest tests"><testsuite name="pytest" errors="0" failures="0" skipped="0" tests="10" time="8.220" timestamp="2026-01-04T12:02:05.603523+00:00" hostname="agent-env-9e36e070-b7ef-4156-922c-ee58e03469ef"><testcase classname="tests.test_voice_assistant_iter14.TestVoiceAssistantStatus" name="test_voice_status_returns_availability" time="0.052" /><testcase classname="tests.test_voice_assistant_iter14.TestVoiceAssistantCommands" name="test_available_commands_returns_list" time="0.038" /><testcase classname="tests.test_voice_assistant_iter14.TestVoiceAssistantTTS" name="test_tts_converts_text_to_audio" time="0.984" /><testcase classname="tests.test_voice_assistant_iter14.TestVoiceAssistantTTS" name="test_tts_with_custom_voice_id" time="0.762" /><testcase classname="tests.test_voice_assistant_iter14.TestVoiceAssistantProcessCommand" name="test_process_command_detects_create_classes" time="1.154" /><testcase classname="tests.test_voice_assistant_iter14.TestVoiceAssistantProcessCommand" name="test_process_command_detects_attendance" time="0.911" /><testcase classname="tests.test_voice_assistant_iter14.TestVoiceAssistantProcessCommand" name="test_process_command_detects_fee_status" time="1.100" /><testcase classname="tests.test_voice_assistant_iter14.TestVoiceAssistantProcessCommand" name="test_process_command_unknown_returns_error_message" time="1.246" /><testcase classname="tests.test_voice_assistant_iter14.TestVoiceAssistantProcessCommand" name="test_process_command_with_confirmation_executes" time="0.941" /><testcase classname="tests.test_voice_assistant_iter14.TestVoiceAssistantAudioResponse" name="test_process_command_includes_audio" time="0.986" /></testsuite></testsuites>