<?xml version="1.0" encoding="utf-8"?><testsuites name="pytest tests"><testsuite name="pytest" errors="0" failures="2" skipped="0" tests="21" time="1.161" timestamp="2026-01-04T09:34:24.926543+00:00" hostname="agent-env-1d4f38c5-6315-4215-8d5b-4f817573543f"><testcase classname="tests.test_fee_payment_accountant.TestFeePaymentAPIs" name="test_get_fee_structure" time="0.096" /><testcase classname="tests.test_fee_payment_accountant.TestFeePaymentAPIs" name="test_get_student_fee_status" time="0.043" /><testcase classname="tests.test_fee_payment_accountant.TestFeePaymentAPIs" name="test_get_student_fee_status_invalid_student" time="0.040" /><testcase classname="tests.test_fee_payment_accountant.TestFeePaymentAPIs" name="test_initiate_payment_upi" time="0.043" /><testcase classname="tests.test_fee_payment_accountant.TestFeePaymentAPIs" name="test_initiate_payment_card" time="0.038" /><testcase classname="tests.test_fee_payment_accountant.TestFeePaymentAPIs" name="test_verify_payment_success" time="0.076" /><testcase classname="tests.test_fee_payment_accountant.TestFeePaymentAPIs" name="test_verify_payment_failed" time="0.073" /><testcase classname="tests.test_fee_payment_accountant.TestFeePaymentAPIs" name="test_verify_payment_invalid_id" time="0.037" /><testcase classname="tests.test_fee_payment_accountant.TestFeePaymentAPIs" name="test_get_payment_history" time="0.033" /><testcase classname="tests.test_fee_payment_accountant.TestAIAccountantAPIs" name="test_get_accountant_dashboard" time="0.038" /><testcase classname="tests.test_fee_payment_accountant.TestAIAccountantAPIs" name="test_get_salary_overview" time="0.036" /><testcase classname="tests.test_fee_payment_accountant.TestAIAccountantAPIs" name="test_get_fee_defaulters" time="0.034" /><testcase classname="tests.test_fee_payment_accountant.TestAIAccountantAPIs" name="test_add_expense" time="0.036" /><testcase classname="tests.test_fee_payment_accountant.TestAIAccountantAPIs" name="test_get_expenses" time="0.031" /><testcase classname="tests.test_fee_payment_accountant.TestAIAccountantAPIs" name="test_get_expenses_by_category" time="0.037" /><testcase classname="tests.test_fee_payment_accountant.TestAIAccountantAPIs" name="test_get_ai_quick_insight" time="0.035"><failure message="AssertionError: Expected 200, got 520: Internal Server Error&#10;assert 520 == 200&#10; +  where 520 = &lt;Response [520]&gt;.status_code">tests/test_fee_payment_accountant.py:300: in test_get_ai_quick_insight
    assert response.status_code == 200, f"Expected 200, got {response.status_code}: {response.text}"
E   AssertionError: Expected 200, got 520: Internal Server Error
E   assert 520 == 200
E    +  where 520 = &lt;Response [520]&gt;.status_code</failure></testcase><testcase classname="tests.test_fee_payment_accountant.TestAIAccountantAPIs" name="test_get_fee_collection_report" time="0.040" /><testcase classname="tests.test_fee_payment_accountant.TestAIChapterSummarizer" name="test_summarize_chapter" time="0.039"><failure message="AssertionError: Expected 200, got 520: {&quot;detail&quot;:&quot;AI generation failed: cannot encode object: &lt;coroutine object LlmChat.send_message at 0xff5d0ca8d360&gt;, of type: &lt;class 'coroutine'&gt;&quot;}&#10;assert 520 == 200&#10; +  where 520 = &lt;Response [520]&gt;.status_code">tests/test_fee_payment_accountant.py:337: in test_summarize_chapter
    assert response.status_code == 200, f"Expected 200, got {response.status_code}: {response.text}"
E   AssertionError: Expected 200, got 520: {"detail":"AI generation failed: cannot encode object: &lt;coroutine object LlmChat.send_message at 0xff5d0ca8d360&gt;, of type: &lt;class 'coroutine'&gt;"}
E   assert 520 == 200
E    +  where 520 = &lt;Response [520]&gt;.status_code</failure></testcase><testcase classname="tests.test_fee_payment_accountant.TestSyllabusProgressAPIs" name="test_get_class_progress" time="0.036" /><testcase classname="tests.test_fee_payment_accountant.TestSyllabusProgressAPIs" name="test_get_student_syllabus_progress" time="0.036" /><testcase classname="tests.test_fee_payment_accountant.TestIntegration" name="test_complete_payment_flow" time="0.181" /></testsuite></testsuites>