<?xml version="1.0" encoding="utf-8"?><testsuites name="pytest tests"><testsuite name="pytest" errors="0" failures="0" skipped="0" tests="12" time="4.280" timestamp="2026-01-22T11:54:32.729654+00:00" hostname="agent-env-26ed27ab-b047-4e85-8301-4282fd30dac8"><testcase classname="tests.test_iter35_id_card_branding.TestAuthentication" name="test_director_login" time="0.309" /><testcase classname="tests.test_iter35_id_card_branding.TestStudentIDCard" name="test_student_id_card_has_class_name" time="0.310" /><testcase classname="tests.test_iter35_id_card_branding.TestStudentIDCard" name="test_student_id_card_has_parent_phone" time="0.298" /><testcase classname="tests.test_iter35_id_card_branding.TestStudentIDCard" name="test_student_id_card_has_school_logo" time="0.307" /><testcase classname="tests.test_iter35_id_card_branding.TestStudentIDCard" name="test_student_id_card_has_school_name" time="0.295" /><testcase classname="tests.test_iter35_id_card_branding.TestEmployeeIDCard" name="test_director_id_card_has_purple_color" time="0.569" /><testcase classname="tests.test_iter35_id_card_branding.TestEmployeeIDCard" name="test_director_id_card_has_hindi_designation" time="0.567" /><testcase classname="tests.test_iter35_id_card_branding.TestEmployeeIDCard" name="test_director_id_card_type" time="0.557" /><testcase classname="tests.test_iter35_id_card_branding.TestRoleBasedColors" name="test_create_teacher_and_check_color" time="0.344" /><testcase classname="tests.test_iter35_id_card_branding.TestSchoolBranding" name="test_school_has_logo_url" time="0.303" /><testcase classname="tests.test_iter35_id_card_branding.TestSchoolBranding" name="test_school_has_name" time="0.294" /><testcase classname="tests.test_iter35_id_card_branding.TestHealthCheck" name="test_api_health" time="0.040" /></testsuite></testsuites>