<?xml version="1.0" encoding="utf-8"?><testsuites name="pytest tests"><testsuite name="pytest" errors="0" failures="0" skipped="2" tests="13" time="3.232" timestamp="2026-01-04T05:20:18.611407+00:00" hostname="agent-env-95cc257c-6a07-4cec-986a-df0868f642a3"><testcase classname="tests.test_new_features_iter7.TestAuthentication" name="test_director_login" time="0.301" /><testcase classname="tests.test_new_features_iter7.TestAuthentication" name="test_teacher_login" time="0.273" /><testcase classname="tests.test_new_features_iter7.TestZoomMeetings" name="test_get_meetings" time="0.305" /><testcase classname="tests.test_new_features_iter7.TestZoomMeetings" name="test_create_meeting" time="0.306" /><testcase classname="tests.test_new_features_iter7.TestZoomMeetings" name="test_get_single_meeting" time="0.373" /><testcase classname="tests.test_new_features_iter7.TestZoomMeetings" name="test_delete_meeting" time="0.341" /><testcase classname="tests.test_new_features_iter7.TestZoomMeetings" name="test_get_recordings" time="0.000"><skipped type="pytest.skip" message="BUG: Route order issue - /meetings/recordings matched by /meetings/{meeting_id}">/app/tests/test_new_features_iter7.py:145: BUG: Route order issue - /meetings/recordings matched by /meetings/{meeting_id}</skipped></testcase><testcase classname="tests.test_new_features_iter7.TestZoomMeetings" name="test_get_summaries" time="0.000"><skipped type="pytest.skip" message="BUG: Route order issue - /meetings/summaries matched by /meetings/{meeting_id}">/app/tests/test_new_features_iter7.py:165: BUG: Route order issue - /meetings/summaries matched by /meetings/{meeting_id}</skipped></testcase><testcase classname="tests.test_new_features_iter7.TestSchoolRegistration" name="test_create_school" time="0.308" /><testcase classname="tests.test_new_features_iter7.TestSchoolRegistration" name="test_get_schools" time="0.301" /><testcase classname="tests.test_new_features_iter7.TestTeacherDashboard" name="test_teacher_classes" time="0.315" /><testcase classname="tests.test_new_features_iter7.TestTeacherDashboard" name="test_teacher_students" time="0.301" /><testcase classname="tests.test_new_features_iter7.TestHealthCheck" name="test_api_health" time="0.040" /></testsuite></testsuites>