<?xml version="1.0" encoding="utf-8"?><testsuites name="pytest tests"><testsuite name="pytest" errors="0" failures="1" skipped="0" tests="16" time="5.294" timestamp="2026-01-04T06:47:00.914409+00:00" hostname="agent-env-65c0de1d-489d-43b8-b02c-64a2e74796dd"><testcase classname="tests.test_online_exam_system.TestExamSystemAuth" name="test_teacher_login" time="0.277" /><testcase classname="tests.test_online_exam_system.TestExamSystemAuth" name="test_student_login" time="0.258" /><testcase classname="tests.test_online_exam_system.TestExamSystemAuth" name="test_director_login" time="0.255" /><testcase classname="tests.test_online_exam_system.TestExamCreation" name="test_create_exam_success" time="0.299" /><testcase classname="tests.test_online_exam_system.TestExamCreation" name="test_create_exam_without_questions_fails" time="0.297" /><testcase classname="tests.test_online_exam_system.TestExamListing" name="test_teacher_list_exams" time="0.292" /><testcase classname="tests.test_online_exam_system.TestExamListing" name="test_student_list_available_exams" time="0.297" /><testcase classname="tests.test_online_exam_system.TestExamDetails" name="test_teacher_get_exam_with_answers" time="0.332"><failure message="assert 0 &gt; 0&#10; +  where 0 = len([])">tests/test_online_exam_system.py:267: in test_teacher_get_exam_with_answers
    assert len(data["questions"]) &gt; 0
E   assert 0 &gt; 0
E    +  where 0 = len([])</failure></testcase><testcase classname="tests.test_online_exam_system.TestExamDetails" name="test_student_get_exam_without_answers" time="0.336" /><testcase classname="tests.test_online_exam_system.TestExamSubmission" name="test_student_submit_exam" time="0.594" /><testcase classname="tests.test_online_exam_system.TestExamSubmission" name="test_duplicate_submission_rejected" time="0.332" /><testcase classname="tests.test_online_exam_system.TestExamResults" name="test_student_view_my_results" time="0.298" /><testcase classname="tests.test_online_exam_system.TestExamResults" name="test_teacher_view_exam_results" time="0.322" /><testcase classname="tests.test_online_exam_system.TestExamResults" name="test_exam_leaderboard" time="0.328" /><testcase classname="tests.test_online_exam_system.TestExamManagement" name="test_update_exam_status" time="0.362" /><testcase classname="tests.test_online_exam_system.TestExamManagement" name="test_delete_exam_without_submissions" time="0.344" /></testsuite></testsuites>