<?xml version="1.0" encoding="utf-8"?><testsuites name="pytest tests"><testsuite name="pytest" errors="0" failures="0" skipped="0" tests="18" time="2.265" timestamp="2026-01-03T10:42:10.541868+00:00" hostname="agent-env-e0467596-f9ac-4802-a551-facae2f225dd"><testcase classname="tests.test_leave_cctv_onetino.TestAuth" name="test_director_login" time="0.281" /><testcase classname="tests.test_leave_cctv_onetino.TestLeaveManagement" name="test_get_leave_balance" time="0.314" /><testcase classname="tests.test_leave_cctv_onetino.TestLeaveManagement" name="test_apply_leave" time="0.043" /><testcase classname="tests.test_leave_cctv_onetino.TestLeaveManagement" name="test_get_my_leaves" time="0.048" /><testcase classname="tests.test_leave_cctv_onetino.TestLeaveManagement" name="test_get_pending_leaves" time="0.038" /><testcase classname="tests.test_leave_cctv_onetino.TestLeaveManagement" name="test_approve_leave_flow" time="0.084" /><testcase classname="tests.test_leave_cctv_onetino.TestLeaveManagement" name="test_reject_leave_flow" time="0.079" /><testcase classname="tests.test_leave_cctv_onetino.TestCCTVDashboard" name="test_cctv_dashboard_returns_6_cameras" time="0.297" /><testcase classname="tests.test_leave_cctv_onetino.TestCCTVDashboard" name="test_cctv_ai_features" time="0.039" /><testcase classname="tests.test_leave_cctv_onetino.TestCCTVDashboard" name="test_cctv_dashboard_alerts" time="0.045" /><testcase classname="tests.test_leave_cctv_onetino.TestCCTVDashboard" name="test_cctv_alerts_endpoint" time="0.037" /><testcase classname="tests.test_leave_cctv_onetino.TestCCTVDashboard" name="test_cctv_camera_detail" time="0.045" /><testcase classname="tests.test_leave_cctv_onetino.TestOneTinoIntegration" name="test_onetino_school_stats" time="0.303" /><testcase classname="tests.test_leave_cctv_onetino.TestOneTinoIntegration" name="test_onetino_all_schools" time="0.078" /><testcase classname="tests.test_leave_cctv_onetino.TestOneTinoIntegration" name="test_onetino_issues" time="0.042" /><testcase classname="tests.test_leave_cctv_onetino.TestOneTinoIntegration" name="test_onetino_report_issue" time="0.068" /><testcase classname="tests.test_leave_cctv_onetino.TestSidebarLinks" name="test_leave_endpoint_accessible" time="0.297" /><testcase classname="tests.test_leave_cctv_onetino.TestSidebarLinks" name="test_cctv_endpoint_accessible" time="0.038" /></testsuite></testsuites>