<?xml version="1.0" encoding="utf-8"?><testsuites name="pytest tests"><testsuite name="pytest" errors="0" failures="0" skipped="0" tests="20" time="4.327" timestamp="2026-01-21T06:56:36.345433+00:00" hostname="agent-env-5e5c94e3-e2a6-4e31-a51c-23ce7db2ca88"><testcase classname="tests.test_iter31_new_features.TestHealthAndAuth" name="test_health_check" time="0.098" /><testcase classname="tests.test_iter31_new_features.TestHealthAndAuth" name="test_director_login" time="0.326" /><testcase classname="tests.test_iter31_new_features.TestHealthAndAuth" name="test_teacher_login" time="0.263" /><testcase classname="tests.test_iter31_new_features.TestSmartAttendanceHolidayCheck" name="test_check_holiday_regular_day" time="0.346" /><testcase classname="tests.test_iter31_new_features.TestSmartAttendanceHolidayCheck" name="test_check_holiday_sunday" time="0.038" /><testcase classname="tests.test_iter31_new_features.TestSmartAttendanceHolidayCheck" name="test_check_holiday_requires_auth" time="0.040" /><testcase classname="tests.test_iter31_new_features.TestSmartAttendanceHolidayCheck" name="test_check_holiday_teacher_access" time="0.297" /><testcase classname="tests.test_iter31_new_features.TestMultiSchoolSupport" name="test_get_schools_list" time="0.297" /><testcase classname="tests.test_iter31_new_features.TestMultiSchoolSupport" name="test_create_new_school_director" time="0.045" /><testcase classname="tests.test_iter31_new_features.TestMultiSchoolSupport" name="test_verify_managed_schools_updated" time="0.071" /><testcase classname="tests.test_iter31_new_features.TestMultiSchoolSupport" name="test_teacher_cannot_create_school" time="0.295" /><testcase classname="tests.test_iter31_new_features.TestAIPaperImageGeneration" name="test_generate_answer_image_api" time="0.298" /><testcase classname="tests.test_iter31_new_features.TestAIPaperImageGeneration" name="test_generate_answer_image_requires_auth" time="0.037" /><testcase classname="tests.test_iter31_new_features.TestAIPaperImageGeneration" name="test_generate_answer_image_teacher_access" time="0.336" /><testcase classname="tests.test_iter31_new_features.TestFamilyPortalAPIs" name="test_get_family_children" time="0.336" /><testcase classname="tests.test_iter31_new_features.TestFamilyPortalAPIs" name="test_get_child_attendance" time="0.088" /><testcase classname="tests.test_iter31_new_features.TestFamilyPortalAPIs" name="test_get_child_fees" time="0.100" /><testcase classname="tests.test_iter31_new_features.TestOnlineExamSystem" name="test_get_exams_list" time="0.297" /><testcase classname="tests.test_iter31_new_features.TestTimetableAPI" name="test_get_timetable" time="0.337" /><testcase classname="tests.test_iter31_new_features.TestCleanup" name="test_cleanup_test_schools" time="0.299" /></testsuite></testsuites>