<?xml version="1.0" encoding="utf-8"?><testsuites name="pytest tests"><testsuite name="pytest" errors="0" failures="1" skipped="0" tests="22" time="1.042" timestamp="2026-01-04T10:26:18.161345+00:00" hostname="agent-env-1d4f38c5-6315-4215-8d5b-4f817573543f"><testcase classname="tests.test_fee_management_iter13.TestFeeManagementAPIs" name="test_create_fee_structure" time="0.070" /><testcase classname="tests.test_fee_management_iter13.TestFeeManagementAPIs" name="test_create_optional_fee_structure" time="0.043" /><testcase classname="tests.test_fee_management_iter13.TestFeeManagementAPIs" name="test_create_hostel_fee_structure" time="0.078" /><testcase classname="tests.test_fee_management_iter13.TestFeeManagementAPIs" name="test_get_all_fee_structures" time="0.040" /><testcase classname="tests.test_fee_management_iter13.TestFeeManagementAPIs" name="test_delete_fee_structure" time="0.053" /><testcase classname="tests.test_fee_management_iter13.TestFeeManagementAPIs" name="test_update_student_services" time="0.037" /><testcase classname="tests.test_fee_management_iter13.TestFeeManagementAPIs" name="test_get_student_services" time="0.036" /><testcase classname="tests.test_fee_management_iter13.TestFeeManagementAPIs" name="test_get_available_schemes" time="0.035" /><testcase classname="tests.test_fee_management_iter13.TestFeeManagementAPIs" name="test_assign_government_scheme" time="0.047"><failure message="AssertionError: assert '50.0%' == '50%'&#10;  &#10;  - 50%&#10;  + 50.0%&#10;  ?   ++">tests/test_fee_management_iter13.py:198: in test_assign_government_scheme
    assert data.get("exemption") == "50%"
E   AssertionError: assert '50.0%' == '50%'
E     
E     - 50%
E     + 50.0%
E     ?   ++</failure></testcase><testcase classname="tests.test_fee_management_iter13.TestFeeManagementAPIs" name="test_get_student_schemes" time="0.042" /><testcase classname="tests.test_fee_management_iter13.TestFeeManagementAPIs" name="test_get_all_school_schemes" time="0.037" /><testcase classname="tests.test_fee_management_iter13.TestFeeManagementAPIs" name="test_calculate_student_fee" time="0.035" /><testcase classname="tests.test_fee_management_iter13.TestFeeManagementAPIs" name="test_calculate_fee_with_month" time="0.039" /><testcase classname="tests.test_fee_management_iter13.TestFeeManagementAPIs" name="test_payment_auto_update" time="0.038" /><testcase classname="tests.test_fee_management_iter13.TestFeePaymentAPIs" name="test_initiate_upi_payment" time="0.040" /><testcase classname="tests.test_fee_management_iter13.TestFeePaymentAPIs" name="test_verify_payment_auto_updates_status" time="0.040" /><testcase classname="tests.test_fee_management_iter13.TestFeePaymentAPIs" name="test_school_payment_settings" time="0.036" /><testcase classname="tests.test_fee_management_iter13.TestFeePaymentPageAPIs" name="test_get_fee_status" time="0.034" /><testcase classname="tests.test_fee_management_iter13.TestFeePaymentPageAPIs" name="test_get_fee_structure" time="0.040" /><testcase classname="tests.test_fee_management_iter13.TestFeePaymentPageAPIs" name="test_get_payment_history" time="0.044" /><testcase classname="tests.test_fee_management_iter13.TestFeeStructureManagementPage" name="test_get_students_for_services" time="0.035" /><testcase classname="tests.test_fee_management_iter13.TestFeeStructureManagementPage" name="test_bulk_create_fee_structure" time="0.038" /></testsuite></testsuites>