<?xml version="1.0" encoding="utf-8"?><testsuites name="pytest tests"><testsuite name="pytest" errors="0" failures="0" skipped="0" tests="20" time="65.369" timestamp="2026-01-21T07:17:48.037202+00:00" hostname="agent-env-5e5c94e3-e2a6-4e31-a51c-23ce7db2ca88"><testcase classname="tests.test_payment_system_iter32.TestPaymentSystem" name="test_01_get_payment_settings_empty" time="0.656" /><testcase classname="tests.test_payment_system_iter32.TestPaymentSystem" name="test_02_save_payment_settings" time="0.611" /><testcase classname="tests.test_payment_system_iter32.TestPaymentSystem" name="test_03_get_payment_settings_after_save" time="0.606" /><testcase classname="tests.test_payment_system_iter32.TestPaymentSystem" name="test_04_teacher_cannot_save_payment_settings" time="0.605" /><testcase classname="tests.test_payment_system_iter32.TestPaymentSystem" name="test_05_get_parent_fee_details" time="0.607" /><testcase classname="tests.test_payment_system_iter32.TestPaymentSystem" name="test_06_get_fee_details_invalid_student" time="0.602" /><testcase classname="tests.test_payment_system_iter32.TestPaymentSystem" name="test_07_record_parent_payment" time="0.608" /><testcase classname="tests.test_payment_system_iter32.TestPaymentSystem" name="test_08_record_payment_invalid_student" time="0.603" /><testcase classname="tests.test_payment_system_iter32.TestPaymentSystem" name="test_09_get_pending_payments" time="0.638" /><testcase classname="tests.test_payment_system_iter32.TestPaymentSystem" name="test_10_teacher_cannot_view_pending_payments" time="0.648" /><testcase classname="tests.test_payment_system_iter32.TestPaymentSystem" name="test_11_verify_payment_approve" time="0.605" /><testcase classname="tests.test_payment_system_iter32.TestPaymentSystem" name="test_12_verify_payment_invalid_id" time="53.240" /><testcase classname="tests.test_payment_system_iter32.TestPaymentSystem" name="test_13_teacher_cannot_verify_payment" time="0.658" /><testcase classname="tests.test_payment_system_iter32.TestPaymentSystem" name="test_14_verify_payment_reject" time="0.655" /><testcase classname="tests.test_payment_system_iter32.TestPaymentSystem" name="test_15_get_receipt" time="0.606" /><testcase classname="tests.test_payment_system_iter32.TestPaymentSystem" name="test_16_get_receipt_invalid" time="0.607" /><testcase classname="tests.test_payment_system_iter32.TestPaymentSystem" name="test_17_full_payment_flow" time="0.761" /><testcase classname="tests.test_payment_system_iter32.TestPaymentSystem" name="test_18_payment_settings_update" time="0.645" /><testcase classname="tests.test_payment_system_iter32.TestPaymentSystem" name="test_19_fee_details_with_payment_history" time="0.605" /><testcase classname="tests.test_payment_system_iter32.TestPaymentSystem" name="test_20_unauthenticated_access" time="0.746" /></testsuite></testsuites>