<?xml version="1.0" encoding="utf-8"?><testsuites name="pytest tests"><testsuite name="pytest" errors="0" failures="0" skipped="0" tests="13" time="4.702" timestamp="2026-01-21T05:46:58.722151+00:00" hostname="agent-env-2b6ed65d-4463-4da7-a9a9-30e138c1b89c"><testcase classname="tests.test_iter29_features.TestHealthAndAuth" name="test_health_endpoint" time="0.060" /><testcase classname="tests.test_iter29_features.TestHealthAndAuth" name="test_director_login" time="0.327" /><testcase classname="tests.test_iter29_features.TestIDFormats" name="test_employee_id_format" time="0.338" /><testcase classname="tests.test_iter29_features.TestIDFormats" name="test_parent_id_format" time="0.339" /><testcase classname="tests.test_iter29_features.TestIDFormats" name="test_student_id_format_at_admission" time="0.599" /><testcase classname="tests.test_iter29_features.TestParentAutoCreation" name="test_parent_id_returned_at_admission" time="0.600" /><testcase classname="tests.test_iter29_features.TestParentLogin" name="test_parent_login_with_mobile" time="0.409" /><testcase classname="tests.test_iter29_features.TestParentLogin" name="test_parent_login_with_parent_id" time="0.375" /><testcase classname="tests.test_iter29_features.TestParentLogin" name="test_parent_login_validation" time="0.038" /><testcase classname="tests.test_iter29_features.TestParentLogin" name="test_parent_login_invalid_credentials" time="0.037" /><testcase classname="tests.test_iter29_features.TestStudentLogin" name="test_student_login_with_id_password" time="0.857" /><testcase classname="tests.test_iter29_features.TestStudentLogin" name="test_student_login_with_mobile_dob" time="0.636" /><testcase classname="tests.test_iter29_features.TestStudentLogin" name="test_student_login_validation" time="0.035" /></testsuite></testsuites>