<?xml version="1.0" encoding="utf-8"?><testsuites name="pytest tests"><testsuite name="pytest" errors="0" failures="1" skipped="0" tests="15" time="9.659" timestamp="2026-01-24T05:13:29.532991+00:00" hostname="agent-env-5ba7065e-fed8-43f7-b12b-be34f778a9ca"><testcase classname="backend.tests.test_iteration43_tino_ai.TestTinoAIChat" name="test_chat_endpoint_returns_200" time="1.802" /><testcase classname="backend.tests.test_iteration43_tino_ai.TestTinoAIChat" name="test_chat_returns_response_field" time="1.408" /><testcase classname="backend.tests.test_iteration43_tino_ai.TestTinoAIChat" name="test_chat_returns_suggestions" time="0.779" /><testcase classname="backend.tests.test_iteration43_tino_ai.TestTinoAIChat" name="test_chat_returns_data_context" time="2.524" /><testcase classname="backend.tests.test_iteration43_tino_ai.TestTinoAIChat" name="test_chat_hindi_query" time="0.713" /><testcase classname="backend.tests.test_iteration43_tino_ai.TestTinoAIChat" name="test_chat_english_query" time="0.784" /><testcase classname="backend.tests.test_iteration43_tino_ai.TestTinoAIQuickStats" name="test_quick_stats_returns_200" time="0.047" /><testcase classname="backend.tests.test_iteration43_tino_ai.TestTinoAIQuickStats" name="test_quick_stats_returns_school_name" time="0.037" /><testcase classname="backend.tests.test_iteration43_tino_ai.TestTinoAIQuickStats" name="test_quick_stats_returns_student_count" time="0.041" /><testcase classname="backend.tests.test_iteration43_tino_ai.TestTinoAIQuickStats" name="test_quick_stats_returns_attendance" time="0.037" /><testcase classname="backend.tests.test_iteration43_tino_ai.TestTinoAIQuickStats" name="test_quick_stats_returns_fee_collection" time="0.039" /><testcase classname="backend.tests.test_iteration43_tino_ai.TestTinoAIQuickStats" name="test_quick_stats_returns_pending_leaves" time="0.045" /><testcase classname="backend.tests.test_iteration43_tino_ai.TestTinoAICommand" name="test_command_attendance" time="0.041" /><testcase classname="backend.tests.test_iteration43_tino_ai.TestTinoAICommand" name="test_command_fee" time="0.036" /><testcase classname="backend.tests.test_iteration43_tino_ai.TestAuthenticationRequired" name="test_chat_without_auth_fails" time="1.236"><failure message="AssertionError: Expected auth error, got 200&#10;assert 200 in [401, 403, 422]&#10; +  where 200 = &lt;Response [200]&gt;.status_code">backend/tests/test_iteration43_tino_ai.py:255: in test_chat_without_auth_fails
    assert response.status_code in [401, 403, 422], f"Expected auth error, got {response.status_code}"
E   AssertionError: Expected auth error, got 200
E   assert 200 in [401, 403, 422]
E    +  where 200 = &lt;Response [200]&gt;.status_code</failure></testcase></testsuite></testsuites>