<?xml version="1.0" encoding="utf-8"?><testsuites name="pytest tests"><testsuite name="pytest" errors="0" failures="0" skipped="0" tests="12" time="3.663" timestamp="2026-01-24T04:38:44.322067+00:00" hostname="agent-env-5ba7065e-fed8-43f7-b12b-be34f778a9ca"><testcase classname="backend.tests.test_iteration42.TestTinoAI" name="test_tino_ai_chat_endpoint_exists" time="1.683" /><testcase classname="backend.tests.test_iteration42.TestTinoAI" name="test_tino_ai_returns_valid_response" time="0.790" /><testcase classname="backend.tests.test_iteration42.TestTinoAI" name="test_tino_ai_returns_suggestions" time="0.691" /><testcase classname="backend.tests.test_iteration42.TestTinoAI" name="test_tino_ai_quick_stats" time="0.083" /><testcase classname="backend.tests.test_iteration42.TestFeeStructure" name="test_fee_structures_endpoint" time="0.039" /><testcase classname="backend.tests.test_iteration42.TestFeeStructure" name="test_fee_structure_no_negative_values" time="0.039" /><testcase classname="backend.tests.test_iteration42.TestFeeStructure" name="test_classes_endpoint" time="0.034" /><testcase classname="backend.tests.test_iteration42.TestEventDesigner" name="test_schools_endpoint_for_event_designer" time="0.037" /><testcase classname="backend.tests.test_iteration42.TestEventDesigner" name="test_event_design_generate_endpoint" time="0.087" /><testcase classname="backend.tests.test_iteration42.TestFeeManagementAPIs" name="test_fee_collections_endpoint" time="0.038" /><testcase classname="backend.tests.test_iteration42.TestFeeManagementAPIs" name="test_old_dues_endpoint" time="0.038" /><testcase classname="backend.tests.test_iteration42.TestFeeManagementAPIs" name="test_students_endpoint" time="0.040" /></testsuite></testsuites>