<?xml version="1.0" encoding="utf-8"?><testsuites name="pytest tests"><testsuite name="pytest" errors="0" failures="3" skipped="0" tests="13" time="4.608" timestamp="2026-01-21T05:45:28.180743+00:00" hostname="agent-env-2b6ed65d-4463-4da7-a9a9-30e138c1b89c"><testcase classname="tests.test_iter29_features.TestHealthAndAuth" name="test_health_endpoint" time="0.058" /><testcase classname="tests.test_iter29_features.TestHealthAndAuth" name="test_director_login" time="0.322" /><testcase classname="tests.test_iter29_features.TestIDFormats" name="test_employee_id_format" time="0.339" /><testcase classname="tests.test_iter29_features.TestIDFormats" name="test_parent_id_format" time="0.339" /><testcase classname="tests.test_iter29_features.TestIDFormats" name="test_student_id_format_at_admission" time="0.673" /><testcase classname="tests.test_iter29_features.TestParentAutoCreation" name="test_parent_id_returned_at_admission" time="0.598"><failure message="AssertionError: parent_id should be returned in admission response&#10;assert 'parent_id' in {'class_id': 'class-1-a', 'class_name': 'Class 1', 'created_at': '2026-01-21T05:45:30.551243+00:00', 'dob': '2015-06-20', ...}">tests/test_iter29_features.py:248: in test_parent_id_returned_at_admission
    assert "parent_id" in data, "parent_id should be returned in admission response"
E   AssertionError: parent_id should be returned in admission response
E   assert 'parent_id' in {'class_id': 'class-1-a', 'class_name': 'Class 1', 'created_at': '2026-01-21T05:45:30.551243+00:00', 'dob': '2015-06-20', ...}</failure></testcase><testcase classname="tests.test_iter29_features.TestParentLogin" name="test_parent_login_with_mobile" time="0.372" /><testcase classname="tests.test_iter29_features.TestParentLogin" name="test_parent_login_with_parent_id" time="0.447" /><testcase classname="tests.test_iter29_features.TestParentLogin" name="test_parent_login_validation" time="0.035" /><testcase classname="tests.test_iter29_features.TestParentLogin" name="test_parent_login_invalid_credentials" time="0.041" /><testcase classname="tests.test_iter29_features.TestStudentLogin" name="test_student_login_with_id_password" time="0.629"><failure message="AssertionError: Failed: {&quot;detail&quot;:&quot;Provide Student ID + Password OR Mobile + DOB&quot;}&#10;assert 400 == 200&#10; +  where 400 = &lt;Response [400]&gt;.status_code">tests/test_iter29_features.py:442: in test_student_login_with_id_password
    assert response.status_code == 200, f"Failed: {response.text}"
E   AssertionError: Failed: {"detail":"Provide Student ID + Password OR Mobile + DOB"}
E   assert 400 == 200
E    +  where 400 = &lt;Response [400]&gt;.status_code</failure></testcase><testcase classname="tests.test_iter29_features.TestStudentLogin" name="test_student_login_with_mobile_dob" time="0.632"><failure message="AssertionError: Failed: {&quot;detail&quot;:&quot;Provide Student ID + Password OR Mobile + DOB&quot;}&#10;assert 400 == 200&#10; +  where 400 = &lt;Response [400]&gt;.status_code">tests/test_iter29_features.py:458: in test_student_login_with_mobile_dob
    assert response.status_code == 200, f"Failed: {response.text}"
E   AssertionError: Failed: {"detail":"Provide Student ID + Password OR Mobile + DOB"}
E   assert 400 == 200
E    +  where 400 = &lt;Response [400]&gt;.status_code</failure></testcase><testcase classname="tests.test_iter29_features.TestStudentLogin" name="test_student_login_validation" time="0.035" /></testsuite></testsuites>