<?xml version="1.0" encoding="utf-8"?><testsuites name="pytest tests"><testsuite name="pytest" errors="0" failures="0" skipped="2" tests="18" time="1.618" timestamp="2026-01-05T03:39:39.157914+00:00" hostname="agent-env-9a3f7614-8008-471a-a7f5-b6e1c55c8632"><testcase classname="tests.test_new_features_iter16.TestMultiYearFeesAPIs" name="test_get_year_wise_summary" time="0.377" /><testcase classname="tests.test_new_features_iter16.TestMultiYearFeesAPIs" name="test_get_year_wise_summary_school2" time="0.038" /><testcase classname="tests.test_new_features_iter16.TestMultiYearFeesAPIs" name="test_add_previous_year_due" time="0.035"><skipped type="pytest.skip" message="No students found to test with">/app/tests/test_new_features_iter16.py:111: No students found to test with</skipped></testcase><testcase classname="tests.test_new_features_iter16.TestMultiYearFeesAPIs" name="test_get_student_year_wise_dues" time="0.074"><skipped type="pytest.skip" message="No students found">/app/tests/test_new_features_iter16.py:159: No students found</skipped></testcase><testcase classname="tests.test_new_features_iter16.TestMultiYearFeesAPIs" name="test_get_fee_defaulters" time="0.038" /><testcase classname="tests.test_new_features_iter16.TestSalaryManagementAPIs" name="test_get_salary_status" time="0.041" /><testcase classname="tests.test_new_features_iter16.TestSalaryManagementAPIs" name="test_get_salary_status_with_year" time="0.034" /><testcase classname="tests.test_new_features_iter16.TestSalaryManagementAPIs" name="test_set_salary_structure" time="0.044" /><testcase classname="tests.test_new_features_iter16.TestSalaryManagementAPIs" name="test_get_salary_structure" time="0.035" /><testcase classname="tests.test_new_features_iter16.TestSalaryManagementAPIs" name="test_get_salary_dashboard" time="0.036" /><testcase classname="tests.test_new_features_iter16.TestAPIEndpointsExist" name="test_multi_year_fees_summary_endpoint" time="0.035" /><testcase classname="tests.test_new_features_iter16.TestAPIEndpointsExist" name="test_multi_year_fees_student_endpoint" time="0.035" /><testcase classname="tests.test_new_features_iter16.TestAPIEndpointsExist" name="test_multi_year_fees_defaulters_endpoint" time="0.076" /><testcase classname="tests.test_new_features_iter16.TestAPIEndpointsExist" name="test_salary_status_endpoint" time="0.037" /><testcase classname="tests.test_new_features_iter16.TestAPIEndpointsExist" name="test_salary_structure_endpoint" time="0.044" /><testcase classname="tests.test_new_features_iter16.TestAPIEndpointsExist" name="test_salary_dashboard_endpoint" time="0.039" /><testcase classname="tests.test_new_features_iter16.TestAdminLogin" name="test_admin_login_success" time="0.256" /><testcase classname="tests.test_new_features_iter16.TestAdminLogin" name="test_admin_login_invalid_password" time="0.261" /></testsuite></testsuites>