<?xml version="1.0" encoding="utf-8"?><testsuites name="pytest tests"><testsuite name="pytest" errors="0" failures="5" skipped="0" tests="11" time="5.140" timestamp="2026-01-20T17:36:40.118860+00:00" hostname="agent-env-2b6ed65d-4463-4da7-a9a9-30e138c1b89c"><testcase classname="tests.test_event_designer_iter26.TestLoginFlow" name="test_login_director_demo" time="0.281"><failure message="AssertionError: No token in response&#10;assert 'token' in {'access_token': 'eyJhbGciOiJIUzI1NiIsInR5cCI6IkpXVCJ9.eyJzdWIiOiJkZTc5NWI3Ni1iMzBlLTQ0NTQtYjE4YS04MWQ3YjliZmE5NTMiLCJlbWFpbCI6ImRpcmVjdG9yQGRlbW8uY29tIiwicm9sZSI6ImRpcmVjdG9yIiwiZXhwIjoxNzY5MDE3MDAwfQ.sNJq6ISHWDPvznFX143xWTPvDnC5H9pD3-7o9DiEL4c', 'token_type': 'bearer', 'user': {'created_at': '2026-01-19T08:39:19.834872+00:00', 'email': 'director@demo.com', 'id': 'de795b76-b30e-4454-b18a-81d7b9bfa953', 'mobile': '+91 78799 67616', ...}}">tests/test_event_designer_iter26.py:31: in test_login_director_demo
    assert "token" in data, "No token in response"
E   AssertionError: No token in response
E   assert 'token' in {'access_token': 'eyJhbGciOiJIUzI1NiIsInR5cCI6IkpXVCJ9.eyJzdWIiOiJkZTc5NWI3Ni1iMzBlLTQ0NTQtYjE4YS04MWQ3YjliZmE5NTMiLCJlbWFpbCI6ImRpcmVjdG9yQGRlbW8uY29tIiwicm9sZSI6ImRpcmVjdG9yIiwiZXhwIjoxNzY5MDE3MDAwfQ.sNJq6ISHWDPvznFX143xWTPvDnC5H9pD3-7o9DiEL4c', 'token_type': 'bearer', 'user': {'created_at': '2026-01-19T08:39:19.834872+00:00', 'email': 'director@demo.com', 'id': 'de795b76-b30e-4454-b18a-81d7b9bfa953', 'mobile': '+91 78799 67616', ...}}</failure></testcase><testcase classname="tests.test_event_designer_iter26.TestEventDesignerAPI" name="test_generate_pamphlet_design" time="0.301"><failure message="AssertionError: Generate design failed: {&quot;detail&quot;:&quot;Invalid token&quot;}&#10;assert 401 == 200&#10; +  where 401 = &lt;Response [401]&gt;.status_code">tests/test_event_designer_iter26.py:86: in test_generate_pamphlet_design
    assert response.status_code == 200, f"Generate design failed: {response.text}"
E   AssertionError: Generate design failed: {"detail":"Invalid token"}
E   assert 401 == 200
E    +  where 401 = &lt;Response [401]&gt;.status_code</failure></testcase><testcase classname="tests.test_event_designer_iter26.TestEventDesignerAPI" name="test_generate_invitation_design" time="0.300"><failure message="AssertionError: Generate invitation failed: {&quot;detail&quot;:&quot;Invalid token&quot;}&#10;assert 401 == 200&#10; +  where 401 = &lt;Response [401]&gt;.status_code">tests/test_event_designer_iter26.py:126: in test_generate_invitation_design
    assert response.status_code == 200, f"Generate invitation failed: {response.text}"
E   AssertionError: Generate invitation failed: {"detail":"Invalid token"}
E   assert 401 == 200
E    +  where 401 = &lt;Response [401]&gt;.status_code</failure></testcase><testcase classname="tests.test_event_designer_iter26.TestEventDesignerAPI" name="test_get_school_designs" time="0.297"><failure message="AssertionError: Get designs failed: {&quot;detail&quot;:&quot;Invalid token&quot;}&#10;assert 401 == 200&#10; +  where 401 = &lt;Response [401]&gt;.status_code">tests/test_event_designer_iter26.py:145: in test_get_school_designs
    assert response.status_code == 200, f"Get designs failed: {response.text}"
E   AssertionError: Get designs failed: {"detail":"Invalid token"}
E   assert 401 == 200
E    +  where 401 = &lt;Response [401]&gt;.status_code</failure></testcase><testcase classname="tests.test_event_designer_iter26.TestVoiceAssistantAPI" name="test_voice_assistant_status" time="0.041" /><testcase classname="tests.test_event_designer_iter26.TestVoiceAssistantAPI" name="test_voice_assistant_chat_navigation" time="1.159" /><testcase classname="tests.test_event_designer_iter26.TestVoiceAssistantAPI" name="test_voice_assistant_chat_attendance" time="1.373" /><testcase classname="tests.test_event_designer_iter26.TestVoiceAssistantAPI" name="test_voice_assistant_tts" time="0.892" /><testcase classname="tests.test_event_designer_iter26.TestStudentIDCardAPI" name="test_get_students_for_id_card" time="0.291"><failure message="AssertionError: Get students failed: {&quot;detail&quot;:&quot;Invalid token&quot;}&#10;assert 401 == 200&#10; +  where 401 = &lt;Response [401]&gt;.status_code">tests/test_event_designer_iter26.py:283: in test_get_students_for_id_card
    assert response.status_code == 200, f"Get students failed: {response.text}"
E   AssertionError: Get students failed: {"detail":"Invalid token"}
E   assert 401 == 200
E    +  where 401 = &lt;Response [401]&gt;.status_code</failure></testcase><testcase classname="tests.test_event_designer_iter26.TestHealthAndBasics" name="test_api_health" time="0.040" /><testcase classname="tests.test_event_designer_iter26.TestHealthAndBasics" name="test_frontend_accessible" time="0.060" /></testsuite></testsuites>