<?xml version="1.0" encoding="utf-8"?><testsuites name="pytest tests"><testsuite name="pytest" errors="0" failures="0" skipped="0" tests="6" time="14.591" timestamp="2026-01-06T10:52:08.086454+00:00" hostname="agent-env-8c586bf7-395e-4729-8a46-087c706ea6c4"><testcase classname="tests.test_tino_brain_actions_iter25.TestTinoBrainActions" name="test_tino_brain_status" time="0.363" /><testcase classname="tests.test_tino_brain_actions_iter25.TestTinoBrainActions" name="test_absent_list_action" time="2.774" /><testcase classname="tests.test_tino_brain_actions_iter25.TestTinoBrainActions" name="test_school_status_action" time="4.261" /><testcase classname="tests.test_tino_brain_actions_iter25.TestTinoBrainActions" name="test_notice_creation_action" time="3.332" /><testcase classname="tests.test_tino_brain_actions_iter25.TestTinoBrainActions" name="test_fee_reminder_action" time="3.490" /><testcase classname="tests.test_tino_brain_actions_iter25.TestProfileNavigation" name="test_user_profile_endpoint" time="0.317" /></testsuite></testsuites>