<?xml version="1.0" encoding="utf-8"?><testsuites name="pytest tests"><testsuite name="pytest" errors="0" failures="3" skipped="3" tests="10" time="2.944" timestamp="2026-01-23T03:44:47.605470+00:00" hostname="agent-env-26ed27ab-b047-4e85-8301-4282fd30dac8"><testcase classname="tests.test_iter38_features.TestAIPaperGeneration" name="test_ai_generate_paper_hindi" time="0.341"><failure message="AssertionError: Expected 200, got 401: {&quot;detail&quot;:&quot;Invalid token&quot;}&#10;assert 401 == 200&#10; +  where 401 = &lt;Response [401]&gt;.status_code">tests/test_iter38_features.py:60: in test_ai_generate_paper_hindi
    assert response.status_code == 200, f"Expected 200, got {response.status_code}: {response.text}"
E   AssertionError: Expected 200, got 401: {"detail":"Invalid token"}
E   assert 401 == 200
E    +  where 401 = &lt;Response [401]&gt;.status_code</failure></testcase><testcase classname="tests.test_iter38_features.TestAIPaperGeneration" name="test_ai_generate_paper_english" time="0.300"><failure message="AssertionError: Expected 200, got 401&#10;assert 401 == 200&#10; +  where 401 = &lt;Response [401]&gt;.status_code">tests/test_iter38_features.py:100: in test_ai_generate_paper_english
    assert response.status_code == 200, f"Expected 200, got {response.status_code}"
E   AssertionError: Expected 200, got 401
E   assert 401 == 200
E    +  where 401 = &lt;Response [401]&gt;.status_code</failure></testcase><testcase classname="tests.test_iter38_features.TestFeeScholarshipAssignment" name="test_get_available_schemes" time="0.308" /><testcase classname="tests.test_iter38_features.TestFeeScholarshipAssignment" name="test_assign_rte_scheme" time="0.332"><skipped type="pytest.skip" message="Could not fetch students">/app/tests/test_iter38_features.py:154: Could not fetch students</skipped></testcase><testcase classname="tests.test_iter38_features.TestFeeScholarshipAssignment" name="test_assign_obc_scholarship" time="0.294"><skipped type="pytest.skip" message="Could not fetch students">/app/tests/test_iter38_features.py:203: Could not fetch students</skipped></testcase><testcase classname="tests.test_iter38_features.TestFeeScholarshipAssignment" name="test_get_student_schemes" time="0.293"><skipped type="pytest.skip" message="Could not fetch students">/app/tests/test_iter38_features.py:250: Could not fetch students</skipped></testcase><testcase classname="tests.test_iter38_features.TestFeeStructureManagement" name="test_get_all_fee_structures" time="0.339" /><testcase classname="tests.test_iter38_features.TestFeeStructureManagement" name="test_create_fee_structure" time="0.302" /><testcase classname="tests.test_iter38_features.TestHealthAndBasicAPIs" name="test_health_endpoint" time="0.039" /><testcase classname="tests.test_iter38_features.TestHealthAndBasicAPIs" name="test_login" time="0.297"><failure message="AssertionError: Response should contain token&#10;assert 'token' in {'access_token': 'eyJhbGciOiJIUzI1NiIsInR5cCI6IkpXVCJ9.eyJzdWIiOiJiNmRkMDA5ZS04ZWMyLTQ4ZTktYTI3NC00ZGJlOWU5ZmFlM2IiLCJlbWFpbCI6ImRpcmVjdG9yQHRlc3QuY29tIiwicm9sZSI6ImRpcmVjdG9yIiwiZXhwIjoxNzY5MjI2MjkwfQ.I9ZfLKHX6OS8zO3lB6ICHz5hHDXiBWvnoTC0ZmOy6Ns', 'token_type': 'bearer', 'user': {'created_at': '2026-01-21T14:51:33.388819+00:00', 'email': 'director@test.com', 'id': 'b6dd009e-8ec2-48e9-a274-4dbe9e9fae3b', 'mobile': None, ...}}">tests/test_iter38_features.py:356: in test_login
    assert "token" in data, "Response should contain token"
E   AssertionError: Response should contain token
E   assert 'token' in {'access_token': 'eyJhbGciOiJIUzI1NiIsInR5cCI6IkpXVCJ9.eyJzdWIiOiJiNmRkMDA5ZS04ZWMyLTQ4ZTktYTI3NC00ZGJlOWU5ZmFlM2IiLCJlbWFpbCI6ImRpcmVjdG9yQHRlc3QuY29tIiwicm9sZSI6ImRpcmVjdG9yIiwiZXhwIjoxNzY5MjI2MjkwfQ.I9ZfLKHX6OS8zO3lB6ICHz5hHDXiBWvnoTC0ZmOy6Ns', 'token_type': 'bearer', 'user': {'created_at': '2026-01-21T14:51:33.388819+00:00', 'email': 'director@test.com', 'id': 'b6dd009e-8ec2-48e9-a274-4dbe9e9fae3b', 'mobile': None, ...}}</failure></testcase></testsuite></testsuites>